<?xml version="1.0" encoding="UTF-8" ?>
<testsuite failures="6" time="3.313" errors="0" skipped="0" tests="661" name="com.jloisel.persistent.map.PersistentMapTest">
  <properties>
    <property name="java.runtime.name" value="Java(TM) SE Runtime Environment"/>
    <property name="sun.boot.library.path" value="/Library/Java/JavaVirtualMachines/jdk1.7.0_10.jdk/Contents/Home/jre/lib"/>
    <property name="java.vm.version" value="23.6-b04"/>
    <property name="gopherProxySet" value="false"/>
    <property name="java.vm.vendor" value="Oracle Corporation"/>
    <property name="java.vendor.url" value="http://java.oracle.com/"/>
    <property name="path.separator" value=":"/>
    <property name="guice.disable.misplaced.annotation.check" value="true"/>
    <property name="java.vm.name" value="Java HotSpot(TM) 64-Bit Server VM"/>
    <property name="file.encoding.pkg" value="sun.io"/>
    <property name="user.country" value="FR"/>
    <property name="sun.java.launcher" value="SUN_STANDARD"/>
    <property name="sun.os.patch.level" value="unknown"/>
    <property name="java.vm.specification.name" value="Java Virtual Machine Specification"/>
    <property name="user.dir" value="/Users/jerome/Documents/workspace/persistent-collection"/>
    <property name="java.runtime.version" value="1.7.0_10-b18"/>
    <property name="java.awt.graphicsenv" value="sun.awt.CGraphicsEnvironment"/>
    <property name="java.endorsed.dirs" value="/Library/Java/JavaVirtualMachines/jdk1.7.0_10.jdk/Contents/Home/jre/lib/endorsed"/>
    <property name="os.arch" value="x86_64"/>
    <property name="java.io.tmpdir" value="/var/folders/m0/mmrv7z814s11nrk974g_sq_80000gn/T/"/>
    <property name="line.separator" value="
"/>
    <property name="java.vm.specification.vendor" value="Oracle Corporation"/>
    <property name="os.name" value="Mac OS X"/>
    <property name="classworlds.conf" value="/Users/jerome/Documents/workspace/.metadata/.plugins/org.eclipse.m2e.core/launches/m2conf5832803876110807519.tmp"/>
    <property name="sun.jnu.encoding" value="US-ASCII"/>
    <property name="java.library.path" value="/Users/jerome/Library/Java/Extensions:/Library/Java/Extensions:/Network/Library/Java/Extensions:/System/Library/Java/Extensions:/usr/lib/java:."/>
    <property name="java.specification.name" value="Java Platform API Specification"/>
    <property name="java.class.version" value="51.0"/>
    <property name="sun.management.compiler" value="HotSpot 64-Bit Tiered Compilers"/>
    <property name="os.version" value="10.7.5"/>
    <property name="http.nonProxyHosts" value="local|*.local|169.254/16|*.169.254/16"/>
    <property name="user.home" value="/Users/jerome"/>
    <property name="user.timezone" value="Europe/Paris"/>
    <property name="java.awt.printerjob" value="sun.lwawt.macosx.CPrinterJob"/>
    <property name="java.specification.version" value="1.7"/>
    <property name="file.encoding" value="MacRoman"/>
    <property name="user.name" value="jerome"/>
    <property name="java.class.path" value="/Users/jerome/Documents/eclipse/configuration/org.eclipse.osgi/bundles/239/1/.cp/jars/plexus-classworlds-2.4.jar"/>
    <property name="java.vm.specification.version" value="1.7"/>
    <property name="sun.arch.data.model" value="64"/>
    <property name="java.home" value="/Library/Java/JavaVirtualMachines/jdk1.7.0_10.jdk/Contents/Home/jre"/>
    <property name="sun.java.command" value="org.codehaus.plexus.classworlds.launcher.Launcher -B test"/>
    <property name="java.specification.vendor" value="Oracle Corporation"/>
    <property name="user.language" value="fr"/>
    <property name="awt.toolkit" value="sun.lwawt.macosx.LWCToolkit"/>
    <property name="java.vm.info" value="mixed mode"/>
    <property name="java.version" value="1.7.0_10"/>
    <property name="java.ext.dirs" value="/Users/jerome/Library/Java/Extensions:/Library/Java/JavaVirtualMachines/jdk1.7.0_10.jdk/Contents/Home/jre/lib/ext:/Library/Java/Extensions:/Network/Library/Java/Extensions:/System/Library/Java/Extensions:/usr/lib/java"/>
    <property name="sun.boot.class.path" value="/Library/Java/JavaVirtualMachines/jdk1.7.0_10.jdk/Contents/Home/jre/lib/resources.jar:/Library/Java/JavaVirtualMachines/jdk1.7.0_10.jdk/Contents/Home/jre/lib/rt.jar:/Library/Java/JavaVirtualMachines/jdk1.7.0_10.jdk/Contents/Home/jre/lib/sunrsasign.jar:/Library/Java/JavaVirtualMachines/jdk1.7.0_10.jdk/Contents/Home/jre/lib/jsse.jar:/Library/Java/JavaVirtualMachines/jdk1.7.0_10.jdk/Contents/Home/jre/lib/jce.jar:/Library/Java/JavaVirtualMachines/jdk1.7.0_10.jdk/Contents/Home/jre/lib/charsets.jar:/Library/Java/JavaVirtualMachines/jdk1.7.0_10.jdk/Contents/Home/jre/lib/jfr.jar:/Library/Java/JavaVirtualMachines/jdk1.7.0_10.jdk/Contents/Home/jre/lib/JObjC.jar:/Library/Java/JavaVirtualMachines/jdk1.7.0_10.jdk/Contents/Home/jre/classes"/>
    <property name="java.vendor" value="Oracle Corporation"/>
    <property name="maven.home" value="/Users/jerome/Documents/workspace/persistent-collection/EMBEDDED"/>
    <property name="file.separator" value="/"/>
    <property name="java.vendor.url.bug" value="http://bugreport.sun.com/bugreport/"/>
    <property name="sun.cpu.endian" value="little"/>
    <property name="sun.io.unicode.encoding" value="UnicodeBig"/>
    <property name="socksNonProxyHosts" value="local|*.local|169.254/16|*.169.254/16"/>
    <property name="ftp.nonProxyHosts" value="local|*.local|169.254/16|*.169.254/16"/>
    <property name="sun.cpu.isalist" value=""/>
  </properties>
  <testcase time="0.061" classname="com.google.common.collect.testing.testers.MapClearTester" name="testClear[PersistentMapTest [collection size: zero]]"/>
  <testcase time="0" classname="com.google.common.collect.testing.testers.MapContainsKeyTester" name="testContains_nullNotContainedAndUnsupported[PersistentMapTest [collection size: zero]]"/>
  <testcase time="0.001" classname="com.google.common.collect.testing.testers.MapContainsKeyTester" name="testContains_no[PersistentMapTest [collection size: zero]]"/>
  <testcase time="0.004" classname="com.google.common.collect.testing.testers.MapContainsKeyTester" name="testContains_wrongType[PersistentMapTest [collection size: zero]]"/>
  <testcase time="0.001" classname="com.google.common.collect.testing.testers.MapContainsValueTester" name="testContains_nullNotContainedAndUnsupported[PersistentMapTest [collection size: zero]]"/>
  <testcase time="0.002" classname="com.google.common.collect.testing.testers.MapContainsValueTester" name="testContains_no[PersistentMapTest [collection size: zero]]"/>
  <testcase time="0.001" classname="com.google.common.collect.testing.testers.MapContainsValueTester" name="testContains_wrongType[PersistentMapTest [collection size: zero]]"/>
  <testcase time="0.001" classname="com.google.common.collect.testing.testers.MapEqualsTester" name="testEquals_otherMapWithSameEntries[PersistentMapTest [collection size: zero]]"/>
  <testcase time="0.002" classname="com.google.common.collect.testing.testers.MapEqualsTester" name="testEquals_largerMap[PersistentMapTest [collection size: zero]]"/>
  <testcase time="0.007" classname="com.google.common.collect.testing.testers.MapEqualsTester" name="testEquals_list[PersistentMapTest [collection size: zero]]"/>
  <testcase time="0.002" classname="com.google.common.collect.testing.testers.MapGetTester" name="testGet_no[PersistentMapTest [collection size: zero]]"/>
  <testcase time="0.003" classname="com.google.common.collect.testing.testers.MapGetTester" name="testGet_nullNotContainedAndUnsupported[PersistentMapTest [collection size: zero]]"/>
  <testcase time="0.002" classname="com.google.common.collect.testing.testers.MapGetTester" name="testGet_wrongType[PersistentMapTest [collection size: zero]]"/>
  <testcase time="0.045" classname="com.google.common.collect.testing.testers.MapHashCodeTester" name="testHashCode[PersistentMapTest [collection size: zero]]"/>
  <testcase time="0.001" classname="com.google.common.collect.testing.testers.MapIsEmptyTester" name="testIsEmpty_yes[PersistentMapTest [collection size: zero]]"/>
  <testcase time="0.032" classname="com.google.common.collect.testing.testers.MapPutTester" name="testPut_supportedNotPresent[PersistentMapTest [collection size: zero]]"/>
  <testcase time="0.003" classname="com.google.common.collect.testing.testers.MapPutTester" name="testPut_nullKeyUnsupported[PersistentMapTest [collection size: zero]]"/>
  <testcase time="0.001" classname="com.google.common.collect.testing.testers.MapPutTester" name="testPut_nullValueUnsupported[PersistentMapTest [collection size: zero]]"/>
  <testcase time="0.002" classname="com.google.common.collect.testing.testers.MapPutAllTester" name="testPutAll_supportedNothing[PersistentMapTest [collection size: zero]]"/>
  <testcase time="0.003" classname="com.google.common.collect.testing.testers.MapPutAllTester" name="testPutAll_supportedNonePresent[PersistentMapTest [collection size: zero]]"/>
  <testcase time="0.003" classname="com.google.common.collect.testing.testers.MapPutAllTester" name="testPutAll_nullKeyUnsupported[PersistentMapTest [collection size: zero]]"/>
  <testcase time="0.001" classname="com.google.common.collect.testing.testers.MapPutAllTester" name="testPutAll_nullValueUnsupported[PersistentMapTest [collection size: zero]]"/>
  <testcase time="0.013" classname="com.google.common.collect.testing.testers.MapPutAllTester" name="testPutAll_nullCollectionReference[PersistentMapTest [collection size: zero]]"/>
  <testcase time="0.002" classname="com.google.common.collect.testing.testers.MapRemoveTester" name="testRemove_notPresent[PersistentMapTest [collection size: zero]]"/>
  <testcase time="0.001" classname="com.google.common.collect.testing.testers.MapRemoveTester" name="testRemove_nullQueriesNotSupported[PersistentMapTest [collection size: zero]]"/>
  <testcase time="0.001" classname="com.google.common.collect.testing.testers.MapRemoveTester" name="testRemove_wrongType[PersistentMapTest [collection size: zero]]"/>
  <testcase time="0.001" classname="com.google.common.collect.testing.testers.MapSizeTester" name="testSize[PersistentMapTest [collection size: zero]]"/>
  <testcase time="0.001" classname="com.google.common.collect.testing.testers.CollectionAddAllTester" name="testAddAll_unsupportedNothing[PersistentMapTest [collection size: zero] entrySet [collection size: zero]]"/>
  <testcase time="0.001" classname="com.google.common.collect.testing.testers.CollectionAddAllTester" name="testAddAll_unsupportedNonePresent[PersistentMapTest [collection size: zero] entrySet [collection size: zero]]"/>
  <testcase time="0.001" classname="com.google.common.collect.testing.testers.CollectionAddTester" name="testAdd_unsupportedNotPresent[PersistentMapTest [collection size: zero] entrySet [collection size: zero]]"/>
  <testcase time="0" classname="com.google.common.collect.testing.testers.CollectionClearTester" name="testClear[PersistentMapTest [collection size: zero] entrySet [collection size: zero]]"/>
  <testcase time="0.001" classname="com.google.common.collect.testing.testers.CollectionContainsAllTester" name="testContainsAll_self[PersistentMapTest [collection size: zero] entrySet [collection size: zero]]"/>
  <testcase time="0.001" classname="com.google.common.collect.testing.testers.CollectionContainsAllTester" name="testContainsAll_empty[PersistentMapTest [collection size: zero] entrySet [collection size: zero]]"/>
  <testcase time="0.001" classname="com.google.common.collect.testing.testers.CollectionContainsAllTester" name="testContainsAll_sameElements[PersistentMapTest [collection size: zero] entrySet [collection size: zero]]"/>
  <testcase time="0.001" classname="com.google.common.collect.testing.testers.CollectionContainsAllTester" name="testContainsAll_partialOverlap[PersistentMapTest [collection size: zero] entrySet [collection size: zero]]"/>
  <testcase time="0.006" classname="com.google.common.collect.testing.testers.CollectionContainsAllTester" name="testContainsAll_disjoint[PersistentMapTest [collection size: zero] entrySet [collection size: zero]]"/>
  <testcase time="0.001" classname="com.google.common.collect.testing.testers.CollectionContainsAllTester" name="testContainsAll_nullAllowed[PersistentMapTest [collection size: zero] entrySet [collection size: zero]]"/>
  <testcase time="0.001" classname="com.google.common.collect.testing.testers.CollectionContainsAllTester" name="testContainsAll_wrongType[PersistentMapTest [collection size: zero] entrySet [collection size: zero]]"/>
  <testcase time="0.001" classname="com.google.common.collect.testing.testers.CollectionContainsTester" name="testContains_no[PersistentMapTest [collection size: zero] entrySet [collection size: zero]]"/>
  <testcase time="0.001" classname="com.google.common.collect.testing.testers.CollectionContainsTester" name="testContains_wrongType[PersistentMapTest [collection size: zero] entrySet [collection size: zero]]"/>
  <testcase time="0.001" classname="com.google.common.collect.testing.testers.CollectionContainsTester" name="testContains_nullNotContainedButQueriesSupported[PersistentMapTest [collection size: zero] entrySet [collection size: zero]]"/>
  <testcase time="0.001" classname="com.google.common.collect.testing.testers.CollectionEqualsTester" name="testEquals_self[PersistentMapTest [collection size: zero] entrySet [collection size: zero]]"/>
  <testcase time="0" classname="com.google.common.collect.testing.testers.CollectionEqualsTester" name="testEquals_null[PersistentMapTest [collection size: zero] entrySet [collection size: zero]]"/>
  <testcase time="0.001" classname="com.google.common.collect.testing.testers.CollectionEqualsTester" name="testEquals_notACollection[PersistentMapTest [collection size: zero] entrySet [collection size: zero]]"/>
  <testcase time="0.001" classname="com.google.common.collect.testing.testers.CollectionIsEmptyTester" name="testIsEmpty_yes[PersistentMapTest [collection size: zero] entrySet [collection size: zero]]"/>
  <testcase time="0.002" classname="com.google.common.collect.testing.testers.CollectionIteratorTester" name="testIterator[PersistentMapTest [collection size: zero] entrySet [collection size: zero]]"/>
  <testcase time="0.04" classname="com.google.common.collect.testing.testers.CollectionIteratorTester" name="testIterator_unknownOrderRemoveSupported[PersistentMapTest [collection size: zero] entrySet [collection size: zero]]">
    <failure message="failed with stimuli [hasNext, hasNext, hasNext, hasNext, remove]" type="junit.framework.AssertionFailedError">junit.framework.AssertionFailedError: failed with stimuli [hasNext, hasNext, hasNext, hasNext, remove]
	at com.google.common.collect.testing.Helpers.fail(Helpers.java:164)
	at com.google.common.collect.testing.AbstractIteratorTester.compareResultsForThisListOfStimuli(AbstractIteratorTester.java:420)
	at com.google.common.collect.testing.AbstractIteratorTester.recurse(AbstractIteratorTester.java:385)
	at com.google.common.collect.testing.AbstractIteratorTester.recurse(AbstractIteratorTester.java:390)
	at com.google.common.collect.testing.AbstractIteratorTester.recurse(AbstractIteratorTester.java:390)
	at com.google.common.collect.testing.AbstractIteratorTester.recurse(AbstractIteratorTester.java:390)
	at com.google.common.collect.testing.AbstractIteratorTester.recurse(AbstractIteratorTester.java:390)
	at com.google.common.collect.testing.AbstractIteratorTester.recurse(AbstractIteratorTester.java:390)
	at com.google.common.collect.testing.AbstractIteratorTester.test(AbstractIteratorTester.java:374)
	at com.google.common.collect.testing.testers.CollectionIteratorTester.runIteratorTest(CollectionIteratorTester.java:100)
	at com.google.common.collect.testing.testers.CollectionIteratorTester.testIterator_unknownOrderRemoveSupported(CollectionIteratorTester.java:88)
	at sun.reflect.NativeMethodAccessorImpl.invoke0(Native Method)
	at sun.reflect.NativeMethodAccessorImpl.invoke(NativeMethodAccessorImpl.java:57)
	at sun.reflect.DelegatingMethodAccessorImpl.invoke(DelegatingMethodAccessorImpl.java:43)
	at java.lang.reflect.Method.invoke(Method.java:601)
	at junit.framework.TestCase.runTest(TestCase.java:168)
	at junit.framework.TestCase.runBare(TestCase.java:134)
	at junit.framework.TestResult$1.protect(TestResult.java:110)
	at junit.framework.TestResult.runProtected(TestResult.java:128)
	at junit.framework.TestResult.run(TestResult.java:113)
	at junit.framework.TestCase.run(TestCase.java:124)
	at junit.framework.TestSuite.runTest(TestSuite.java:243)
	at junit.framework.TestSuite.run(TestSuite.java:238)
	at junit.framework.TestSuite.runTest(TestSuite.java:243)
	at junit.framework.TestSuite.run(TestSuite.java:238)
	at junit.framework.TestSuite.runTest(TestSuite.java:243)
	at junit.framework.TestSuite.run(TestSuite.java:238)
	at junit.framework.TestSuite.runTest(TestSuite.java:243)
	at junit.framework.TestSuite.run(TestSuite.java:238)
	at junit.framework.TestSuite.runTest(TestSuite.java:243)
	at junit.framework.TestSuite.run(TestSuite.java:238)
	at org.junit.internal.runners.JUnit38ClassRunner.run(JUnit38ClassRunner.java:83)
	at org.apache.maven.surefire.junit4.JUnit4TestSet.execute(JUnit4TestSet.java:53)
	at org.apache.maven.surefire.junit4.JUnit4Provider.executeTestSet(JUnit4Provider.java:123)
	at org.apache.maven.surefire.junit4.JUnit4Provider.invoke(JUnit4Provider.java:104)
	at sun.reflect.NativeMethodAccessorImpl.invoke0(Native Method)
	at sun.reflect.NativeMethodAccessorImpl.invoke(NativeMethodAccessorImpl.java:57)
	at sun.reflect.DelegatingMethodAccessorImpl.invoke(DelegatingMethodAccessorImpl.java:43)
	at java.lang.reflect.Method.invoke(Method.java:601)
	at org.apache.maven.surefire.util.ReflectionUtils.invokeMethodWithArray(ReflectionUtils.java:164)
	at org.apache.maven.surefire.booter.ProviderFactory$ProviderProxy.invoke(ProviderFactory.java:110)
	at org.apache.maven.surefire.booter.SurefireStarter.invokeProvider(SurefireStarter.java:175)
	at org.apache.maven.surefire.booter.SurefireStarter.runSuitesInProcessWhenForked(SurefireStarter.java:107)
	at org.apache.maven.surefire.booter.ForkedBooter.main(ForkedBooter.java:68)
Caused by: junit.framework.AssertionFailedError: Exception class java.lang.NullPointerException was thrown; expected one of [class java.lang.IllegalStateException]
	at com.google.common.collect.testing.Helpers.fail(Helpers.java:164)
	at com.google.common.collect.testing.AbstractIteratorTester$PermittedMetaException.assertPermitted(AbstractIteratorTester.java:142)
	at com.google.common.collect.testing.AbstractIteratorTester.internalExecuteAndCompare(AbstractIteratorTester.java:518)
	at com.google.common.collect.testing.AbstractIteratorTester.access$500(AbstractIteratorTester.java:51)
	at com.google.common.collect.testing.AbstractIteratorTester$8.executeAndCompare(AbstractIteratorTester.java:611)
	at com.google.common.collect.testing.AbstractIteratorTester.compareResultsForThisListOfStimuli(AbstractIteratorTester.java:406)
	... 42 more
Caused by: java.lang.NullPointerException
	at com.google.common.base.Preconditions.checkNotNull(Preconditions.java:191)
	at com.jloisel.collection.map.persistence.FileUtils.toPath(FileUtils.java:59)
	at com.jloisel.collection.map.persistence.FileUtils.remove(FileUtils.java:55)
	at com.jloisel.collection.map.PersistentMapSetIterator.remove(PersistentMapSetIterator.java:38)
	at com.google.common.collect.testing.AbstractIteratorTester$1.execute(AbstractIteratorTester.java:527)
	at com.google.common.collect.testing.AbstractIteratorTester.internalExecuteAndCompare(AbstractIteratorTester.java:454)
	... 45 more
</failure>
  </testcase>
  <testcase time="0.001" classname="com.google.common.collect.testing.testers.CollectionIteratorTester" name="testIteratorNoSuchElementException[PersistentMapTest [collection size: zero] entrySet [collection size: zero]]"/>
  <testcase time="0.001" classname="com.google.common.collect.testing.testers.CollectionRemoveAllTester" name="testRemoveAll_emptyCollection[PersistentMapTest [collection size: zero] entrySet [collection size: zero]]"/>
  <testcase time="0.001" classname="com.google.common.collect.testing.testers.CollectionRemoveAllTester" name="testRemoveAll_nonePresent[PersistentMapTest [collection size: zero] entrySet [collection size: zero]]"/>
  <testcase time="0.001" classname="com.google.common.collect.testing.testers.CollectionRemoveAllTester" name="testRemoveAll_nullCollectionReferenceEmptySubject[PersistentMapTest [collection size: zero] entrySet [collection size: zero]]"/>
  <testcase time="0" classname="com.google.common.collect.testing.testers.CollectionRemoveAllTester" name="testRemoveAll_containsNullNoButAllowed[PersistentMapTest [collection size: zero] entrySet [collection size: zero]]"/>
  <testcase time="0.001" classname="com.google.common.collect.testing.testers.CollectionRemoveAllTester" name="testRemoveAll_containsWrongType[PersistentMapTest [collection size: zero] entrySet [collection size: zero]]"/>
  <testcase time="0.004" classname="com.google.common.collect.testing.testers.CollectionRemoveTester" name="testRemove_notPresent[PersistentMapTest [collection size: zero] entrySet [collection size: zero]]"/>
  <testcase time="0.001" classname="com.google.common.collect.testing.testers.CollectionRemoveTester" name="testRemove_wrongType[PersistentMapTest [collection size: zero] entrySet [collection size: zero]]"/>
  <testcase time="0.001" classname="com.google.common.collect.testing.testers.CollectionRemoveTester" name="testRemove_nullAllowed[PersistentMapTest [collection size: zero] entrySet [collection size: zero]]"/>
  <testcase time="0.001" classname="com.google.common.collect.testing.testers.CollectionRetainAllTester" name="testRetainAll_emptyPreviouslyEmpty[PersistentMapTest [collection size: zero] entrySet [collection size: zero]]"/>
  <testcase time="0.001" classname="com.google.common.collect.testing.testers.CollectionRetainAllTester" name="testRetainAll_disjointPreviouslyEmpty[PersistentMapTest [collection size: zero] entrySet [collection size: zero]]"/>
  <testcase time="0.001" classname="com.google.common.collect.testing.testers.CollectionRetainAllTester" name="testRetainAll_superset[PersistentMapTest [collection size: zero] entrySet [collection size: zero]]"/>
  <testcase time="0.001" classname="com.google.common.collect.testing.testers.CollectionRetainAllTester" name="testRetainAll_sameElements[PersistentMapTest [collection size: zero] entrySet [collection size: zero]]"/>
  <testcase time="0.001" classname="com.google.common.collect.testing.testers.CollectionRetainAllTester" name="testRetainAll_nullSingletonPreviouslyEmpty[PersistentMapTest [collection size: zero] entrySet [collection size: zero]]"/>
  <testcase time="0.011" classname="com.google.common.collect.testing.testers.CollectionRetainAllTester" name="testRetainAll_nullCollectionReferenceEmptySubject[PersistentMapTest [collection size: zero] entrySet [collection size: zero]]"/>
  <testcase time="0" classname="com.google.common.collect.testing.testers.CollectionSizeTester" name="testSize[PersistentMapTest [collection size: zero] entrySet [collection size: zero]]"/>
  <testcase time="0" classname="com.google.common.collect.testing.testers.CollectionToArrayTester" name="testToArray_noArgs[PersistentMapTest [collection size: zero] entrySet [collection size: zero]]"/>
  <testcase time="0" classname="com.google.common.collect.testing.testers.CollectionToArrayTester" name="testToArray_isPlainObjectArray[PersistentMapTest [collection size: zero] entrySet [collection size: zero]]"/>
  <testcase time="0" classname="com.google.common.collect.testing.testers.CollectionToArrayTester" name="testToArray_emptyArray[PersistentMapTest [collection size: zero] entrySet [collection size: zero]]"/>
  <testcase time="0" classname="com.google.common.collect.testing.testers.CollectionToArrayTester" name="testToArray_emptyArrayOfObject[PersistentMapTest [collection size: zero] entrySet [collection size: zero]]"/>
  <testcase time="0" classname="com.google.common.collect.testing.testers.CollectionToArrayTester" name="testToArray_rightSizedArray[PersistentMapTest [collection size: zero] entrySet [collection size: zero]]"/>
  <testcase time="0" classname="com.google.common.collect.testing.testers.CollectionToArrayTester" name="testToArray_rightSizedArrayOfObject[PersistentMapTest [collection size: zero] entrySet [collection size: zero]]"/>
  <testcase time="0" classname="com.google.common.collect.testing.testers.CollectionToArrayTester" name="testToArray_oversizedArray[PersistentMapTest [collection size: zero] entrySet [collection size: zero]]"/>
  <testcase time="0" classname="com.google.common.collect.testing.testers.CollectionToArrayTester" name="testToArray_emptyArrayOfWrongTypeForEmptyCollection[PersistentMapTest [collection size: zero] entrySet [collection size: zero]]"/>
  <testcase time="0" classname="com.google.common.collect.testing.testers.CollectionToStringTester" name="testToString_minimal[PersistentMapTest [collection size: zero] entrySet [collection size: zero]]"/>
  <testcase time="0" classname="com.google.common.collect.testing.testers.CollectionToStringTester" name="testToString_size0[PersistentMapTest [collection size: zero] entrySet [collection size: zero]]"/>
  <testcase time="0" classname="com.google.common.collect.testing.testers.SetHashCodeTester" name="testHashCode[PersistentMapTest [collection size: zero] entrySet [collection size: zero]]"/>
  <testcase time="0.001" classname="com.google.common.collect.testing.testers.SetEqualsTester" name="testEquals_list[PersistentMapTest [collection size: zero] entrySet [collection size: zero]]"/>
  <testcase time="0.002" classname="com.google.common.collect.testing.testers.SetEqualsTester" name="testEquals_otherSetWithSameElements[PersistentMapTest [collection size: zero] entrySet [collection size: zero]]"/>
  <testcase time="0.001" classname="com.google.common.collect.testing.testers.SetEqualsTester" name="testEquals_largerSet[PersistentMapTest [collection size: zero] entrySet [collection size: zero]]"/>
  <testcase time="0" classname="com.google.common.collect.testing.ExampleIteratorTester" name="testSomethingAboutIterators[PersistentMapTest [collection size: zero] entrySet [collection size: zero] iterator]"/>
  <testcase time="0.002" classname="com.google.common.collect.testing.testers.CollectionAddAllTester" name="testAddAll_unsupportedNothing[PersistentMapTest [collection size: zero] keys [collection size: zero]]"/>
  <testcase time="0.001" classname="com.google.common.collect.testing.testers.CollectionAddAllTester" name="testAddAll_unsupportedNonePresent[PersistentMapTest [collection size: zero] keys [collection size: zero]]"/>
  <testcase time="0.001" classname="com.google.common.collect.testing.testers.CollectionAddTester" name="testAdd_unsupportedNotPresent[PersistentMapTest [collection size: zero] keys [collection size: zero]]"/>
  <testcase time="0.001" classname="com.google.common.collect.testing.testers.CollectionClearTester" name="testClear[PersistentMapTest [collection size: zero] keys [collection size: zero]]"/>
  <testcase time="0.001" classname="com.google.common.collect.testing.testers.CollectionContainsAllTester" name="testContainsAll_self[PersistentMapTest [collection size: zero] keys [collection size: zero]]"/>
  <testcase time="0.001" classname="com.google.common.collect.testing.testers.CollectionContainsAllTester" name="testContainsAll_empty[PersistentMapTest [collection size: zero] keys [collection size: zero]]"/>
  <testcase time="0.001" classname="com.google.common.collect.testing.testers.CollectionContainsAllTester" name="testContainsAll_sameElements[PersistentMapTest [collection size: zero] keys [collection size: zero]]"/>
  <testcase time="0.001" classname="com.google.common.collect.testing.testers.CollectionContainsAllTester" name="testContainsAll_partialOverlap[PersistentMapTest [collection size: zero] keys [collection size: zero]]"/>
  <testcase time="0.002" classname="com.google.common.collect.testing.testers.CollectionContainsAllTester" name="testContainsAll_disjoint[PersistentMapTest [collection size: zero] keys [collection size: zero]]"/>
  <testcase time="0.001" classname="com.google.common.collect.testing.testers.CollectionContainsAllTester" name="testContainsAll_nullNotAllowed[PersistentMapTest [collection size: zero] keys [collection size: zero]]"/>
  <testcase time="0.001" classname="com.google.common.collect.testing.testers.CollectionContainsAllTester" name="testContainsAll_wrongType[PersistentMapTest [collection size: zero] keys [collection size: zero]]"/>
  <testcase time="0.001" classname="com.google.common.collect.testing.testers.CollectionContainsTester" name="testContains_nullNotContainedAndUnsupported[PersistentMapTest [collection size: zero] keys [collection size: zero]]"/>
  <testcase time="0" classname="com.google.common.collect.testing.testers.CollectionContainsTester" name="testContains_no[PersistentMapTest [collection size: zero] keys [collection size: zero]]"/>
  <testcase time="0.001" classname="com.google.common.collect.testing.testers.CollectionContainsTester" name="testContains_wrongType[PersistentMapTest [collection size: zero] keys [collection size: zero]]"/>
  <testcase time="0.001" classname="com.google.common.collect.testing.testers.CollectionEqualsTester" name="testEquals_self[PersistentMapTest [collection size: zero] keys [collection size: zero]]"/>
  <testcase time="0.001" classname="com.google.common.collect.testing.testers.CollectionEqualsTester" name="testEquals_null[PersistentMapTest [collection size: zero] keys [collection size: zero]]"/>
  <testcase time="0" classname="com.google.common.collect.testing.testers.CollectionEqualsTester" name="testEquals_notACollection[PersistentMapTest [collection size: zero] keys [collection size: zero]]"/>
  <testcase time="0.001" classname="com.google.common.collect.testing.testers.CollectionIsEmptyTester" name="testIsEmpty_yes[PersistentMapTest [collection size: zero] keys [collection size: zero]]"/>
  <testcase time="0.001" classname="com.google.common.collect.testing.testers.CollectionIteratorTester" name="testIterator[PersistentMapTest [collection size: zero] keys [collection size: zero]]"/>
  <testcase time="0.006" classname="com.google.common.collect.testing.testers.CollectionIteratorTester" name="testIterator_unknownOrderRemoveSupported[PersistentMapTest [collection size: zero] keys [collection size: zero]]">
    <failure message="failed with stimuli [hasNext, hasNext, hasNext, hasNext, remove]" type="junit.framework.AssertionFailedError">junit.framework.AssertionFailedError: failed with stimuli [hasNext, hasNext, hasNext, hasNext, remove]
	at com.google.common.collect.testing.Helpers.fail(Helpers.java:164)
	at com.google.common.collect.testing.AbstractIteratorTester.compareResultsForThisListOfStimuli(AbstractIteratorTester.java:420)
	at com.google.common.collect.testing.AbstractIteratorTester.recurse(AbstractIteratorTester.java:385)
	at com.google.common.collect.testing.AbstractIteratorTester.recurse(AbstractIteratorTester.java:390)
	at com.google.common.collect.testing.AbstractIteratorTester.recurse(AbstractIteratorTester.java:390)
	at com.google.common.collect.testing.AbstractIteratorTester.recurse(AbstractIteratorTester.java:390)
	at com.google.common.collect.testing.AbstractIteratorTester.recurse(AbstractIteratorTester.java:390)
	at com.google.common.collect.testing.AbstractIteratorTester.recurse(AbstractIteratorTester.java:390)
	at com.google.common.collect.testing.AbstractIteratorTester.test(AbstractIteratorTester.java:374)
	at com.google.common.collect.testing.testers.CollectionIteratorTester.runIteratorTest(CollectionIteratorTester.java:100)
	at com.google.common.collect.testing.testers.CollectionIteratorTester.testIterator_unknownOrderRemoveSupported(CollectionIteratorTester.java:88)
	at sun.reflect.NativeMethodAccessorImpl.invoke0(Native Method)
	at sun.reflect.NativeMethodAccessorImpl.invoke(NativeMethodAccessorImpl.java:57)
	at sun.reflect.DelegatingMethodAccessorImpl.invoke(DelegatingMethodAccessorImpl.java:43)
	at java.lang.reflect.Method.invoke(Method.java:601)
	at junit.framework.TestCase.runTest(TestCase.java:168)
	at junit.framework.TestCase.runBare(TestCase.java:134)
	at junit.framework.TestResult$1.protect(TestResult.java:110)
	at junit.framework.TestResult.runProtected(TestResult.java:128)
	at junit.framework.TestResult.run(TestResult.java:113)
	at junit.framework.TestCase.run(TestCase.java:124)
	at junit.framework.TestSuite.runTest(TestSuite.java:243)
	at junit.framework.TestSuite.run(TestSuite.java:238)
	at junit.framework.TestSuite.runTest(TestSuite.java:243)
	at junit.framework.TestSuite.run(TestSuite.java:238)
	at junit.framework.TestSuite.runTest(TestSuite.java:243)
	at junit.framework.TestSuite.run(TestSuite.java:238)
	at junit.framework.TestSuite.runTest(TestSuite.java:243)
	at junit.framework.TestSuite.run(TestSuite.java:238)
	at junit.framework.TestSuite.runTest(TestSuite.java:243)
	at junit.framework.TestSuite.run(TestSuite.java:238)
	at org.junit.internal.runners.JUnit38ClassRunner.run(JUnit38ClassRunner.java:83)
	at org.apache.maven.surefire.junit4.JUnit4TestSet.execute(JUnit4TestSet.java:53)
	at org.apache.maven.surefire.junit4.JUnit4Provider.executeTestSet(JUnit4Provider.java:123)
	at org.apache.maven.surefire.junit4.JUnit4Provider.invoke(JUnit4Provider.java:104)
	at sun.reflect.NativeMethodAccessorImpl.invoke0(Native Method)
	at sun.reflect.NativeMethodAccessorImpl.invoke(NativeMethodAccessorImpl.java:57)
	at sun.reflect.DelegatingMethodAccessorImpl.invoke(DelegatingMethodAccessorImpl.java:43)
	at java.lang.reflect.Method.invoke(Method.java:601)
	at org.apache.maven.surefire.util.ReflectionUtils.invokeMethodWithArray(ReflectionUtils.java:164)
	at org.apache.maven.surefire.booter.ProviderFactory$ProviderProxy.invoke(ProviderFactory.java:110)
	at org.apache.maven.surefire.booter.SurefireStarter.invokeProvider(SurefireStarter.java:175)
	at org.apache.maven.surefire.booter.SurefireStarter.runSuitesInProcessWhenForked(SurefireStarter.java:107)
	at org.apache.maven.surefire.booter.ForkedBooter.main(ForkedBooter.java:68)
Caused by: junit.framework.AssertionFailedError: Exception class java.lang.NullPointerException was thrown; expected one of [class java.lang.IllegalStateException]
	at com.google.common.collect.testing.Helpers.fail(Helpers.java:164)
	at com.google.common.collect.testing.AbstractIteratorTester$PermittedMetaException.assertPermitted(AbstractIteratorTester.java:142)
	at com.google.common.collect.testing.AbstractIteratorTester.internalExecuteAndCompare(AbstractIteratorTester.java:518)
	at com.google.common.collect.testing.AbstractIteratorTester.access$500(AbstractIteratorTester.java:51)
	at com.google.common.collect.testing.AbstractIteratorTester$8.executeAndCompare(AbstractIteratorTester.java:611)
	at com.google.common.collect.testing.AbstractIteratorTester.compareResultsForThisListOfStimuli(AbstractIteratorTester.java:406)
	... 42 more
Caused by: java.lang.NullPointerException
	at com.google.common.base.Preconditions.checkNotNull(Preconditions.java:191)
	at com.jloisel.collection.map.persistence.FileUtils.toPath(FileUtils.java:59)
	at com.jloisel.collection.map.persistence.FileUtils.remove(FileUtils.java:55)
	at com.jloisel.collection.map.PersistentMapSetIterator.remove(PersistentMapSetIterator.java:38)
	at com.google.common.collect.testing.AbstractIteratorTester$1.execute(AbstractIteratorTester.java:527)
	at com.google.common.collect.testing.AbstractIteratorTester.internalExecuteAndCompare(AbstractIteratorTester.java:454)
	... 45 more
</failure>
  </testcase>
  <testcase time="0.004" classname="com.google.common.collect.testing.testers.CollectionIteratorTester" name="testIteratorNoSuchElementException[PersistentMapTest [collection size: zero] keys [collection size: zero]]"/>
  <testcase time="0" classname="com.google.common.collect.testing.testers.CollectionRemoveAllTester" name="testRemoveAll_emptyCollection[PersistentMapTest [collection size: zero] keys [collection size: zero]]"/>
  <testcase time="0" classname="com.google.common.collect.testing.testers.CollectionRemoveAllTester" name="testRemoveAll_nonePresent[PersistentMapTest [collection size: zero] keys [collection size: zero]]"/>
  <testcase time="0.003" classname="com.google.common.collect.testing.testers.CollectionRemoveAllTester" name="testRemoveAll_nullCollectionReferenceEmptySubject[PersistentMapTest [collection size: zero] keys [collection size: zero]]"/>
  <testcase time="0" classname="com.google.common.collect.testing.testers.CollectionRemoveAllTester" name="testRemoveAll_containsNullNo[PersistentMapTest [collection size: zero] keys [collection size: zero]]"/>
  <testcase time="0" classname="com.google.common.collect.testing.testers.CollectionRemoveAllTester" name="testRemoveAll_containsWrongType[PersistentMapTest [collection size: zero] keys [collection size: zero]]"/>
  <testcase time="0.006" classname="com.google.common.collect.testing.testers.CollectionRemoveTester" name="testRemove_notPresent[PersistentMapTest [collection size: zero] keys [collection size: zero]]"/>
  <testcase time="0" classname="com.google.common.collect.testing.testers.CollectionRemoveTester" name="testRemove_wrongType[PersistentMapTest [collection size: zero] keys [collection size: zero]]"/>
  <testcase time="0.002" classname="com.google.common.collect.testing.testers.CollectionRemoveTester" name="testRemove_nullNotSupported[PersistentMapTest [collection size: zero] keys [collection size: zero]]"/>
  <testcase time="0" classname="com.google.common.collect.testing.testers.CollectionRetainAllTester" name="testRetainAll_emptyPreviouslyEmpty[PersistentMapTest [collection size: zero] keys [collection size: zero]]"/>
  <testcase time="0.002" classname="com.google.common.collect.testing.testers.CollectionRetainAllTester" name="testRetainAll_disjointPreviouslyEmpty[PersistentMapTest [collection size: zero] keys [collection size: zero]]"/>
  <testcase time="0.003" classname="com.google.common.collect.testing.testers.CollectionRetainAllTester" name="testRetainAll_superset[PersistentMapTest [collection size: zero] keys [collection size: zero]]"/>
  <testcase time="0" classname="com.google.common.collect.testing.testers.CollectionRetainAllTester" name="testRetainAll_sameElements[PersistentMapTest [collection size: zero] keys [collection size: zero]]"/>
  <testcase time="0.001" classname="com.google.common.collect.testing.testers.CollectionRetainAllTester" name="testRetainAll_nullSingletonPreviouslyEmpty[PersistentMapTest [collection size: zero] keys [collection size: zero]]"/>
  <testcase time="0" classname="com.google.common.collect.testing.testers.CollectionRetainAllTester" name="testRetainAll_nullCollectionReferenceEmptySubject[PersistentMapTest [collection size: zero] keys [collection size: zero]]"/>
  <testcase time="0" classname="com.google.common.collect.testing.testers.CollectionSizeTester" name="testSize[PersistentMapTest [collection size: zero] keys [collection size: zero]]"/>
  <testcase time="0" classname="com.google.common.collect.testing.testers.CollectionToArrayTester" name="testToArray_noArgs[PersistentMapTest [collection size: zero] keys [collection size: zero]]"/>
  <testcase time="0" classname="com.google.common.collect.testing.testers.CollectionToArrayTester" name="testToArray_isPlainObjectArray[PersistentMapTest [collection size: zero] keys [collection size: zero]]"/>
  <testcase time="0" classname="com.google.common.collect.testing.testers.CollectionToArrayTester" name="testToArray_emptyArray[PersistentMapTest [collection size: zero] keys [collection size: zero]]"/>
  <testcase time="0" classname="com.google.common.collect.testing.testers.CollectionToArrayTester" name="testToArray_emptyArrayOfObject[PersistentMapTest [collection size: zero] keys [collection size: zero]]"/>
  <testcase time="0" classname="com.google.common.collect.testing.testers.CollectionToArrayTester" name="testToArray_rightSizedArray[PersistentMapTest [collection size: zero] keys [collection size: zero]]"/>
  <testcase time="0" classname="com.google.common.collect.testing.testers.CollectionToArrayTester" name="testToArray_rightSizedArrayOfObject[PersistentMapTest [collection size: zero] keys [collection size: zero]]"/>
  <testcase time="0" classname="com.google.common.collect.testing.testers.CollectionToArrayTester" name="testToArray_oversizedArray[PersistentMapTest [collection size: zero] keys [collection size: zero]]"/>
  <testcase time="0.004" classname="com.google.common.collect.testing.testers.CollectionToArrayTester" name="testToArray_emptyArrayOfWrongTypeForEmptyCollection[PersistentMapTest [collection size: zero] keys [collection size: zero]]"/>
  <testcase time="0" classname="com.google.common.collect.testing.testers.CollectionToStringTester" name="testToString_minimal[PersistentMapTest [collection size: zero] keys [collection size: zero]]"/>
  <testcase time="0" classname="com.google.common.collect.testing.testers.CollectionToStringTester" name="testToString_size0[PersistentMapTest [collection size: zero] keys [collection size: zero]]"/>
  <testcase time="0.003" classname="com.google.common.collect.testing.testers.SetHashCodeTester" name="testHashCode[PersistentMapTest [collection size: zero] keys [collection size: zero]]"/>
  <testcase time="0" classname="com.google.common.collect.testing.testers.SetEqualsTester" name="testEquals_list[PersistentMapTest [collection size: zero] keys [collection size: zero]]"/>
  <testcase time="0" classname="com.google.common.collect.testing.testers.SetEqualsTester" name="testEquals_otherSetWithSameElements[PersistentMapTest [collection size: zero] keys [collection size: zero]]"/>
  <testcase time="0.002" classname="com.google.common.collect.testing.testers.SetEqualsTester" name="testEquals_largerSet[PersistentMapTest [collection size: zero] keys [collection size: zero]]"/>
  <testcase time="0" classname="com.google.common.collect.testing.ExampleIteratorTester" name="testSomethingAboutIterators[PersistentMapTest [collection size: zero] keys [collection size: zero] iterator]"/>
  <testcase time="0.002" classname="com.google.common.collect.testing.testers.CollectionAddAllTester" name="testAddAll_unsupportedNothing[PersistentMapTest [collection size: zero] values [collection size: zero]]"/>
  <testcase time="0" classname="com.google.common.collect.testing.testers.CollectionAddAllTester" name="testAddAll_unsupportedNonePresent[PersistentMapTest [collection size: zero] values [collection size: zero]]"/>
  <testcase time="0" classname="com.google.common.collect.testing.testers.CollectionAddTester" name="testAdd_unsupportedNotPresent[PersistentMapTest [collection size: zero] values [collection size: zero]]"/>
  <testcase time="0" classname="com.google.common.collect.testing.testers.CollectionClearTester" name="testClear[PersistentMapTest [collection size: zero] values [collection size: zero]]"/>
  <testcase time="0" classname="com.google.common.collect.testing.testers.CollectionContainsAllTester" name="testContainsAll_self[PersistentMapTest [collection size: zero] values [collection size: zero]]"/>
  <testcase time="0" classname="com.google.common.collect.testing.testers.CollectionContainsAllTester" name="testContainsAll_empty[PersistentMapTest [collection size: zero] values [collection size: zero]]"/>
  <testcase time="0.008" classname="com.google.common.collect.testing.testers.CollectionContainsAllTester" name="testContainsAll_sameElements[PersistentMapTest [collection size: zero] values [collection size: zero]]"/>
  <testcase time="0.001" classname="com.google.common.collect.testing.testers.CollectionContainsAllTester" name="testContainsAll_partialOverlap[PersistentMapTest [collection size: zero] values [collection size: zero]]"/>
  <testcase time="0" classname="com.google.common.collect.testing.testers.CollectionContainsAllTester" name="testContainsAll_disjoint[PersistentMapTest [collection size: zero] values [collection size: zero]]"/>
  <testcase time="0" classname="com.google.common.collect.testing.testers.CollectionContainsAllTester" name="testContainsAll_nullNotAllowed[PersistentMapTest [collection size: zero] values [collection size: zero]]"/>
  <testcase time="0" classname="com.google.common.collect.testing.testers.CollectionContainsAllTester" name="testContainsAll_wrongType[PersistentMapTest [collection size: zero] values [collection size: zero]]"/>
  <testcase time="0" classname="com.google.common.collect.testing.testers.CollectionContainsTester" name="testContains_nullNotContainedAndUnsupported[PersistentMapTest [collection size: zero] values [collection size: zero]]"/>
  <testcase time="0" classname="com.google.common.collect.testing.testers.CollectionContainsTester" name="testContains_no[PersistentMapTest [collection size: zero] values [collection size: zero]]"/>
  <testcase time="0" classname="com.google.common.collect.testing.testers.CollectionContainsTester" name="testContains_wrongType[PersistentMapTest [collection size: zero] values [collection size: zero]]"/>
  <testcase time="0" classname="com.google.common.collect.testing.testers.CollectionEqualsTester" name="testEquals_self[PersistentMapTest [collection size: zero] values [collection size: zero]]"/>
  <testcase time="0.001" classname="com.google.common.collect.testing.testers.CollectionEqualsTester" name="testEquals_null[PersistentMapTest [collection size: zero] values [collection size: zero]]"/>
  <testcase time="0" classname="com.google.common.collect.testing.testers.CollectionEqualsTester" name="testEquals_notACollection[PersistentMapTest [collection size: zero] values [collection size: zero]]"/>
  <testcase time="0.001" classname="com.google.common.collect.testing.testers.CollectionIsEmptyTester" name="testIsEmpty_yes[PersistentMapTest [collection size: zero] values [collection size: zero]]"/>
  <testcase time="0" classname="com.google.common.collect.testing.testers.CollectionIteratorTester" name="testIterator[PersistentMapTest [collection size: zero] values [collection size: zero]]"/>
  <testcase time="0.083" classname="com.google.common.collect.testing.testers.CollectionIteratorTester" name="testIterator_unknownOrderRemoveSupported[PersistentMapTest [collection size: zero] values [collection size: zero]]"/>
  <testcase time="0" classname="com.google.common.collect.testing.testers.CollectionIteratorTester" name="testIteratorNoSuchElementException[PersistentMapTest [collection size: zero] values [collection size: zero]]"/>
  <testcase time="0" classname="com.google.common.collect.testing.testers.CollectionRemoveAllTester" name="testRemoveAll_emptyCollection[PersistentMapTest [collection size: zero] values [collection size: zero]]"/>
  <testcase time="0" classname="com.google.common.collect.testing.testers.CollectionRemoveAllTester" name="testRemoveAll_nonePresent[PersistentMapTest [collection size: zero] values [collection size: zero]]"/>
  <testcase time="0" classname="com.google.common.collect.testing.testers.CollectionRemoveAllTester" name="testRemoveAll_nullCollectionReferenceEmptySubject[PersistentMapTest [collection size: zero] values [collection size: zero]]"/>
  <testcase time="0" classname="com.google.common.collect.testing.testers.CollectionRemoveAllTester" name="testRemoveAll_containsNullNo[PersistentMapTest [collection size: zero] values [collection size: zero]]"/>
  <testcase time="0" classname="com.google.common.collect.testing.testers.CollectionRemoveAllTester" name="testRemoveAll_containsWrongType[PersistentMapTest [collection size: zero] values [collection size: zero]]"/>
  <testcase time="0" classname="com.google.common.collect.testing.testers.CollectionRemoveTester" name="testRemove_notPresent[PersistentMapTest [collection size: zero] values [collection size: zero]]"/>
  <testcase time="0" classname="com.google.common.collect.testing.testers.CollectionRemoveTester" name="testRemove_wrongType[PersistentMapTest [collection size: zero] values [collection size: zero]]"/>
  <testcase time="0" classname="com.google.common.collect.testing.testers.CollectionRemoveTester" name="testRemove_nullNotSupported[PersistentMapTest [collection size: zero] values [collection size: zero]]"/>
  <testcase time="0" classname="com.google.common.collect.testing.testers.CollectionRetainAllTester" name="testRetainAll_emptyPreviouslyEmpty[PersistentMapTest [collection size: zero] values [collection size: zero]]"/>
  <testcase time="0.001" classname="com.google.common.collect.testing.testers.CollectionRetainAllTester" name="testRetainAll_disjointPreviouslyEmpty[PersistentMapTest [collection size: zero] values [collection size: zero]]"/>
  <testcase time="0.001" classname="com.google.common.collect.testing.testers.CollectionRetainAllTester" name="testRetainAll_superset[PersistentMapTest [collection size: zero] values [collection size: zero]]"/>
  <testcase time="0.001" classname="com.google.common.collect.testing.testers.CollectionRetainAllTester" name="testRetainAll_sameElements[PersistentMapTest [collection size: zero] values [collection size: zero]]"/>
  <testcase time="0.001" classname="com.google.common.collect.testing.testers.CollectionRetainAllTester" name="testRetainAll_nullSingletonPreviouslyEmpty[PersistentMapTest [collection size: zero] values [collection size: zero]]"/>
  <testcase time="0.001" classname="com.google.common.collect.testing.testers.CollectionRetainAllTester" name="testRetainAll_nullCollectionReferenceEmptySubject[PersistentMapTest [collection size: zero] values [collection size: zero]]"/>
  <testcase time="0.001" classname="com.google.common.collect.testing.testers.CollectionSizeTester" name="testSize[PersistentMapTest [collection size: zero] values [collection size: zero]]"/>
  <testcase time="0.001" classname="com.google.common.collect.testing.testers.CollectionToArrayTester" name="testToArray_noArgs[PersistentMapTest [collection size: zero] values [collection size: zero]]"/>
  <testcase time="0.001" classname="com.google.common.collect.testing.testers.CollectionToArrayTester" name="testToArray_isPlainObjectArray[PersistentMapTest [collection size: zero] values [collection size: zero]]"/>
  <testcase time="0.001" classname="com.google.common.collect.testing.testers.CollectionToArrayTester" name="testToArray_emptyArray[PersistentMapTest [collection size: zero] values [collection size: zero]]"/>
  <testcase time="0.001" classname="com.google.common.collect.testing.testers.CollectionToArrayTester" name="testToArray_emptyArrayOfObject[PersistentMapTest [collection size: zero] values [collection size: zero]]"/>
  <testcase time="0.001" classname="com.google.common.collect.testing.testers.CollectionToArrayTester" name="testToArray_rightSizedArray[PersistentMapTest [collection size: zero] values [collection size: zero]]"/>
  <testcase time="0.001" classname="com.google.common.collect.testing.testers.CollectionToArrayTester" name="testToArray_rightSizedArrayOfObject[PersistentMapTest [collection size: zero] values [collection size: zero]]"/>
  <testcase time="0.001" classname="com.google.common.collect.testing.testers.CollectionToArrayTester" name="testToArray_oversizedArray[PersistentMapTest [collection size: zero] values [collection size: zero]]"/>
  <testcase time="0.001" classname="com.google.common.collect.testing.testers.CollectionToArrayTester" name="testToArray_emptyArrayOfWrongTypeForEmptyCollection[PersistentMapTest [collection size: zero] values [collection size: zero]]"/>
  <testcase time="0" classname="com.google.common.collect.testing.testers.CollectionToStringTester" name="testToString_minimal[PersistentMapTest [collection size: zero] values [collection size: zero]]"/>
  <testcase time="0.001" classname="com.google.common.collect.testing.testers.CollectionToStringTester" name="testToString_size0[PersistentMapTest [collection size: zero] values [collection size: zero]]"/>
  <testcase time="0" classname="com.google.common.collect.testing.ExampleIteratorTester" name="testSomethingAboutIterators[PersistentMapTest [collection size: zero] values [collection size: zero] iterator]"/>
  <testcase time="0.002" classname="com.google.common.collect.testing.testers.MapClearTester" name="testClear[PersistentMapTest [collection size: one]]"/>
  <testcase time="0.001" classname="com.google.common.collect.testing.testers.MapContainsKeyTester" name="testContains_nullNotContainedAndUnsupported[PersistentMapTest [collection size: one]]"/>
  <testcase time="0.002" classname="com.google.common.collect.testing.testers.MapContainsKeyTester" name="testContains_yes[PersistentMapTest [collection size: one]]"/>
  <testcase time="0.002" classname="com.google.common.collect.testing.testers.MapContainsKeyTester" name="testContains_no[PersistentMapTest [collection size: one]]"/>
  <testcase time="0.002" classname="com.google.common.collect.testing.testers.MapContainsKeyTester" name="testContains_wrongType[PersistentMapTest [collection size: one]]"/>
  <testcase time="0.003" classname="com.google.common.collect.testing.testers.MapContainsValueTester" name="testContains_nullNotContainedAndUnsupported[PersistentMapTest [collection size: one]]"/>
  <testcase time="0.002" classname="com.google.common.collect.testing.testers.MapContainsValueTester" name="testContains_yes[PersistentMapTest [collection size: one]]"/>
  <testcase time="0.002" classname="com.google.common.collect.testing.testers.MapContainsValueTester" name="testContains_no[PersistentMapTest [collection size: one]]"/>
  <testcase time="0.002" classname="com.google.common.collect.testing.testers.MapContainsValueTester" name="testContains_wrongType[PersistentMapTest [collection size: one]]"/>
  <testcase time="0.003" classname="com.google.common.collect.testing.testers.MapCreationTester" name="testCreateWithNullKeyUnsupported[PersistentMapTest [collection size: one]]"/>
  <testcase time="0.003" classname="com.google.common.collect.testing.testers.MapCreationTester" name="testCreateWithNullValueUnsupported[PersistentMapTest [collection size: one]]"/>
  <testcase time="0.002" classname="com.google.common.collect.testing.testers.MapEqualsTester" name="testEquals_otherMapWithSameEntries[PersistentMapTest [collection size: one]]"/>
  <testcase time="0.002" classname="com.google.common.collect.testing.testers.MapEqualsTester" name="testEquals_otherMapWithDifferentEntries[PersistentMapTest [collection size: one]]"/>
  <testcase time="0.002" classname="com.google.common.collect.testing.testers.MapEqualsTester" name="testEquals_otherContainsNullKey[PersistentMapTest [collection size: one]]"/>
  <testcase time="0.002" classname="com.google.common.collect.testing.testers.MapEqualsTester" name="testEquals_otherContainsNullValue[PersistentMapTest [collection size: one]]"/>
  <testcase time="0.002" classname="com.google.common.collect.testing.testers.MapEqualsTester" name="testEquals_smallerMap[PersistentMapTest [collection size: one]]"/>
  <testcase time="0.002" classname="com.google.common.collect.testing.testers.MapEqualsTester" name="testEquals_largerMap[PersistentMapTest [collection size: one]]"/>
  <testcase time="0.002" classname="com.google.common.collect.testing.testers.MapEqualsTester" name="testEquals_list[PersistentMapTest [collection size: one]]"/>
  <testcase time="0.005" classname="com.google.common.collect.testing.testers.MapGetTester" name="testGet_yes[PersistentMapTest [collection size: one]]"/>
  <testcase time="0.002" classname="com.google.common.collect.testing.testers.MapGetTester" name="testGet_no[PersistentMapTest [collection size: one]]"/>
  <testcase time="0.005" classname="com.google.common.collect.testing.testers.MapGetTester" name="testGet_nullNotContainedAndUnsupported[PersistentMapTest [collection size: one]]"/>
  <testcase time="0.002" classname="com.google.common.collect.testing.testers.MapGetTester" name="testGet_wrongType[PersistentMapTest [collection size: one]]"/>
  <testcase time="0.003" classname="com.google.common.collect.testing.testers.MapHashCodeTester" name="testHashCode[PersistentMapTest [collection size: one]]"/>
  <testcase time="0.002" classname="com.google.common.collect.testing.testers.MapIsEmptyTester" name="testIsEmpty_no[PersistentMapTest [collection size: one]]"/>
  <testcase time="0.003" classname="com.google.common.collect.testing.testers.MapPutTester" name="testPut_supportedNotPresent[PersistentMapTest [collection size: one]]"/>
  <testcase time="0.002" classname="com.google.common.collect.testing.testers.MapPutTester" name="testPutAbsentConcurrentWithEntrySetIteration[PersistentMapTest [collection size: one]]"/>
  <testcase time="0.003" classname="com.google.common.collect.testing.testers.MapPutTester" name="testPutAbsentConcurrentWithKeySetIteration[PersistentMapTest [collection size: one]]"/>
  <testcase time="0.006" classname="com.google.common.collect.testing.testers.MapPutTester" name="testPutAbsentConcurrentWithValueIteration[PersistentMapTest [collection size: one]]"/>
  <testcase time="0.003" classname="com.google.common.collect.testing.testers.MapPutTester" name="testPut_nullKeyUnsupported[PersistentMapTest [collection size: one]]"/>
  <testcase time="0.001" classname="com.google.common.collect.testing.testers.MapPutTester" name="testPut_nullValueUnsupported[PersistentMapTest [collection size: one]]"/>
  <testcase time="0.002" classname="com.google.common.collect.testing.testers.MapPutTester" name="testPut_replaceWithNullValueUnsupported[PersistentMapTest [collection size: one]]"/>
  <testcase time="0.002" classname="com.google.common.collect.testing.testers.MapPutAllTester" name="testPutAll_supportedNothing[PersistentMapTest [collection size: one]]"/>
  <testcase time="0.003" classname="com.google.common.collect.testing.testers.MapPutAllTester" name="testPutAll_supportedNonePresent[PersistentMapTest [collection size: one]]"/>
  <testcase time="0.004" classname="com.google.common.collect.testing.testers.MapPutAllTester" name="testPutAll_supportedSomePresent[PersistentMapTest [collection size: one]]"/>
  <testcase time="0.002" classname="com.google.common.collect.testing.testers.MapPutAllTester" name="testPutAllSomePresentConcurrentWithEntrySetIteration[PersistentMapTest [collection size: one]]"/>
  <testcase time="0.002" classname="com.google.common.collect.testing.testers.MapPutAllTester" name="testPutAll_nullKeyUnsupported[PersistentMapTest [collection size: one]]"/>
  <testcase time="0.002" classname="com.google.common.collect.testing.testers.MapPutAllTester" name="testPutAll_nullValueUnsupported[PersistentMapTest [collection size: one]]"/>
  <testcase time="0.002" classname="com.google.common.collect.testing.testers.MapPutAllTester" name="testPutAll_nullCollectionReference[PersistentMapTest [collection size: one]]"/>
  <testcase time="0.002" classname="com.google.common.collect.testing.testers.MapRemoveTester" name="testRemove_present[PersistentMapTest [collection size: one]]"/>
  <testcase time="0.002" classname="com.google.common.collect.testing.testers.MapRemoveTester" name="testRemove_notPresent[PersistentMapTest [collection size: one]]"/>
  <testcase time="0.002" classname="com.google.common.collect.testing.testers.MapRemoveTester" name="testRemove_nullQueriesNotSupported[PersistentMapTest [collection size: one]]"/>
  <testcase time="0.002" classname="com.google.common.collect.testing.testers.MapRemoveTester" name="testRemove_wrongType[PersistentMapTest [collection size: one]]"/>
  <testcase time="0.002" classname="com.google.common.collect.testing.testers.MapSizeTester" name="testSize[PersistentMapTest [collection size: one]]"/>
  <testcase time="0.001" classname="com.google.common.collect.testing.testers.CollectionAddAllTester" name="testAddAll_unsupportedNothing[PersistentMapTest [collection size: one] entrySet [collection size: one]]"/>
  <testcase time="0.001" classname="com.google.common.collect.testing.testers.CollectionAddAllTester" name="testAddAll_unsupportedNonePresent[PersistentMapTest [collection size: one] entrySet [collection size: one]]"/>
  <testcase time="0" classname="com.google.common.collect.testing.testers.CollectionAddAllTester" name="testAddAll_unsupportedSomePresent[PersistentMapTest [collection size: one] entrySet [collection size: one]]"/>
  <testcase time="0.002" classname="com.google.common.collect.testing.testers.CollectionAddAllTester" name="testAddAll_unsupportedAllPresent[PersistentMapTest [collection size: one] entrySet [collection size: one]]"/>
  <testcase time="0.001" classname="com.google.common.collect.testing.testers.CollectionAddTester" name="testAdd_unsupportedNotPresent[PersistentMapTest [collection size: one] entrySet [collection size: one]]"/>
  <testcase time="0.002" classname="com.google.common.collect.testing.testers.CollectionAddTester" name="testAdd_unsupportedPresent[PersistentMapTest [collection size: one] entrySet [collection size: one]]"/>
  <testcase time="0.001" classname="com.google.common.collect.testing.testers.CollectionClearTester" name="testClear[PersistentMapTest [collection size: one] entrySet [collection size: one]]"/>
  <testcase time="0.001" classname="com.google.common.collect.testing.testers.CollectionContainsAllTester" name="testContainsAll_subset[PersistentMapTest [collection size: one] entrySet [collection size: one]]"/>
  <testcase time="0.001" classname="com.google.common.collect.testing.testers.CollectionContainsAllTester" name="testContainsAll_self[PersistentMapTest [collection size: one] entrySet [collection size: one]]"/>
  <testcase time="0.001" classname="com.google.common.collect.testing.testers.CollectionContainsAllTester" name="testContainsAll_empty[PersistentMapTest [collection size: one] entrySet [collection size: one]]"/>
  <testcase time="0.001" classname="com.google.common.collect.testing.testers.CollectionContainsAllTester" name="testContainsAll_sameElements[PersistentMapTest [collection size: one] entrySet [collection size: one]]"/>
  <testcase time="0.001" classname="com.google.common.collect.testing.testers.CollectionContainsAllTester" name="testContainsAll_partialOverlap[PersistentMapTest [collection size: one] entrySet [collection size: one]]"/>
  <testcase time="0.002" classname="com.google.common.collect.testing.testers.CollectionContainsAllTester" name="testContainsAll_disjoint[PersistentMapTest [collection size: one] entrySet [collection size: one]]"/>
  <testcase time="0.001" classname="com.google.common.collect.testing.testers.CollectionContainsAllTester" name="testContainsAll_nullAllowed[PersistentMapTest [collection size: one] entrySet [collection size: one]]"/>
  <testcase time="0.001" classname="com.google.common.collect.testing.testers.CollectionContainsAllTester" name="testContainsAll_wrongType[PersistentMapTest [collection size: one] entrySet [collection size: one]]"/>
  <testcase time="0.001" classname="com.google.common.collect.testing.testers.CollectionContainsTester" name="testContains_yes[PersistentMapTest [collection size: one] entrySet [collection size: one]]"/>
  <testcase time="0.001" classname="com.google.common.collect.testing.testers.CollectionContainsTester" name="testContains_no[PersistentMapTest [collection size: one] entrySet [collection size: one]]"/>
  <testcase time="0.001" classname="com.google.common.collect.testing.testers.CollectionContainsTester" name="testContains_wrongType[PersistentMapTest [collection size: one] entrySet [collection size: one]]"/>
  <testcase time="0.001" classname="com.google.common.collect.testing.testers.CollectionContainsTester" name="testContains_nullNotContainedButQueriesSupported[PersistentMapTest [collection size: one] entrySet [collection size: one]]"/>
  <testcase time="0.003" classname="com.google.common.collect.testing.testers.CollectionEqualsTester" name="testEquals_self[PersistentMapTest [collection size: one] entrySet [collection size: one]]"/>
  <testcase time="0.001" classname="com.google.common.collect.testing.testers.CollectionEqualsTester" name="testEquals_null[PersistentMapTest [collection size: one] entrySet [collection size: one]]"/>
  <testcase time="0.002" classname="com.google.common.collect.testing.testers.CollectionEqualsTester" name="testEquals_notACollection[PersistentMapTest [collection size: one] entrySet [collection size: one]]"/>
  <testcase time="0.001" classname="com.google.common.collect.testing.testers.CollectionIsEmptyTester" name="testIsEmpty_no[PersistentMapTest [collection size: one] entrySet [collection size: one]]"/>
  <testcase time="0.001" classname="com.google.common.collect.testing.testers.CollectionIteratorTester" name="testIterator[PersistentMapTest [collection size: one] entrySet [collection size: one]]"/>
  <testcase time="0.007" classname="com.google.common.collect.testing.testers.CollectionIteratorTester" name="testIterator_unknownOrderRemoveSupported[PersistentMapTest [collection size: one] entrySet [collection size: one]]">
    <failure message="failed with stimuli [hasNext, hasNext, hasNext, hasNext, remove]" type="junit.framework.AssertionFailedError">junit.framework.AssertionFailedError: failed with stimuli [hasNext, hasNext, hasNext, hasNext, remove]
	at com.google.common.collect.testing.Helpers.fail(Helpers.java:164)
	at com.google.common.collect.testing.AbstractIteratorTester.compareResultsForThisListOfStimuli(AbstractIteratorTester.java:420)
	at com.google.common.collect.testing.AbstractIteratorTester.recurse(AbstractIteratorTester.java:385)
	at com.google.common.collect.testing.AbstractIteratorTester.recurse(AbstractIteratorTester.java:390)
	at com.google.common.collect.testing.AbstractIteratorTester.recurse(AbstractIteratorTester.java:390)
	at com.google.common.collect.testing.AbstractIteratorTester.recurse(AbstractIteratorTester.java:390)
	at com.google.common.collect.testing.AbstractIteratorTester.recurse(AbstractIteratorTester.java:390)
	at com.google.common.collect.testing.AbstractIteratorTester.recurse(AbstractIteratorTester.java:390)
	at com.google.common.collect.testing.AbstractIteratorTester.test(AbstractIteratorTester.java:374)
	at com.google.common.collect.testing.testers.CollectionIteratorTester.runIteratorTest(CollectionIteratorTester.java:100)
	at com.google.common.collect.testing.testers.CollectionIteratorTester.testIterator_unknownOrderRemoveSupported(CollectionIteratorTester.java:88)
	at sun.reflect.NativeMethodAccessorImpl.invoke0(Native Method)
	at sun.reflect.NativeMethodAccessorImpl.invoke(NativeMethodAccessorImpl.java:57)
	at sun.reflect.DelegatingMethodAccessorImpl.invoke(DelegatingMethodAccessorImpl.java:43)
	at java.lang.reflect.Method.invoke(Method.java:601)
	at junit.framework.TestCase.runTest(TestCase.java:168)
	at junit.framework.TestCase.runBare(TestCase.java:134)
	at junit.framework.TestResult$1.protect(TestResult.java:110)
	at junit.framework.TestResult.runProtected(TestResult.java:128)
	at junit.framework.TestResult.run(TestResult.java:113)
	at junit.framework.TestCase.run(TestCase.java:124)
	at junit.framework.TestSuite.runTest(TestSuite.java:243)
	at junit.framework.TestSuite.run(TestSuite.java:238)
	at junit.framework.TestSuite.runTest(TestSuite.java:243)
	at junit.framework.TestSuite.run(TestSuite.java:238)
	at junit.framework.TestSuite.runTest(TestSuite.java:243)
	at junit.framework.TestSuite.run(TestSuite.java:238)
	at junit.framework.TestSuite.runTest(TestSuite.java:243)
	at junit.framework.TestSuite.run(TestSuite.java:238)
	at junit.framework.TestSuite.runTest(TestSuite.java:243)
	at junit.framework.TestSuite.run(TestSuite.java:238)
	at org.junit.internal.runners.JUnit38ClassRunner.run(JUnit38ClassRunner.java:83)
	at org.apache.maven.surefire.junit4.JUnit4TestSet.execute(JUnit4TestSet.java:53)
	at org.apache.maven.surefire.junit4.JUnit4Provider.executeTestSet(JUnit4Provider.java:123)
	at org.apache.maven.surefire.junit4.JUnit4Provider.invoke(JUnit4Provider.java:104)
	at sun.reflect.NativeMethodAccessorImpl.invoke0(Native Method)
	at sun.reflect.NativeMethodAccessorImpl.invoke(NativeMethodAccessorImpl.java:57)
	at sun.reflect.DelegatingMethodAccessorImpl.invoke(DelegatingMethodAccessorImpl.java:43)
	at java.lang.reflect.Method.invoke(Method.java:601)
	at org.apache.maven.surefire.util.ReflectionUtils.invokeMethodWithArray(ReflectionUtils.java:164)
	at org.apache.maven.surefire.booter.ProviderFactory$ProviderProxy.invoke(ProviderFactory.java:110)
	at org.apache.maven.surefire.booter.SurefireStarter.invokeProvider(SurefireStarter.java:175)
	at org.apache.maven.surefire.booter.SurefireStarter.runSuitesInProcessWhenForked(SurefireStarter.java:107)
	at org.apache.maven.surefire.booter.ForkedBooter.main(ForkedBooter.java:68)
Caused by: junit.framework.AssertionFailedError: Exception class java.lang.NullPointerException was thrown; expected one of [class java.lang.IllegalStateException]
	at com.google.common.collect.testing.Helpers.fail(Helpers.java:164)
	at com.google.common.collect.testing.AbstractIteratorTester$PermittedMetaException.assertPermitted(AbstractIteratorTester.java:142)
	at com.google.common.collect.testing.AbstractIteratorTester.internalExecuteAndCompare(AbstractIteratorTester.java:518)
	at com.google.common.collect.testing.AbstractIteratorTester.access$500(AbstractIteratorTester.java:51)
	at com.google.common.collect.testing.AbstractIteratorTester$8.executeAndCompare(AbstractIteratorTester.java:611)
	at com.google.common.collect.testing.AbstractIteratorTester.compareResultsForThisListOfStimuli(AbstractIteratorTester.java:406)
	... 42 more
Caused by: java.lang.NullPointerException
	at com.google.common.base.Preconditions.checkNotNull(Preconditions.java:191)
	at com.jloisel.collection.map.persistence.FileUtils.toPath(FileUtils.java:59)
	at com.jloisel.collection.map.persistence.FileUtils.remove(FileUtils.java:55)
	at com.jloisel.collection.map.PersistentMapSetIterator.remove(PersistentMapSetIterator.java:38)
	at com.google.common.collect.testing.AbstractIteratorTester$1.execute(AbstractIteratorTester.java:527)
	at com.google.common.collect.testing.AbstractIteratorTester.internalExecuteAndCompare(AbstractIteratorTester.java:454)
	... 45 more
</failure>
  </testcase>
  <testcase time="0.001" classname="com.google.common.collect.testing.testers.CollectionIteratorTester" name="testIteratorNoSuchElementException[PersistentMapTest [collection size: one] entrySet [collection size: one]]"/>
  <testcase time="0.001" classname="com.google.common.collect.testing.testers.CollectionRemoveAllTester" name="testRemoveAll_emptyCollection[PersistentMapTest [collection size: one] entrySet [collection size: one]]"/>
  <testcase time="0.001" classname="com.google.common.collect.testing.testers.CollectionRemoveAllTester" name="testRemoveAll_nonePresent[PersistentMapTest [collection size: one] entrySet [collection size: one]]"/>
  <testcase time="0.001" classname="com.google.common.collect.testing.testers.CollectionRemoveAllTester" name="testRemoveAll_allPresent[PersistentMapTest [collection size: one] entrySet [collection size: one]]"/>
  <testcase time="0.001" classname="com.google.common.collect.testing.testers.CollectionRemoveAllTester" name="testRemoveAll_somePresent[PersistentMapTest [collection size: one] entrySet [collection size: one]]"/>
  <testcase time="0.001" classname="com.google.common.collect.testing.testers.CollectionRemoveAllTester" name="testRemoveAll_somePresentLargeCollectionToRemove[PersistentMapTest [collection size: one] entrySet [collection size: one]]"/>
  <testcase time="0.001" classname="com.google.common.collect.testing.testers.CollectionRemoveAllTester" name="testRemoveAll_nullCollectionReferenceNonEmptySubject[PersistentMapTest [collection size: one] entrySet [collection size: one]]"/>
  <testcase time="0.002" classname="com.google.common.collect.testing.testers.CollectionRemoveAllTester" name="testRemoveAll_containsNullNoButAllowed[PersistentMapTest [collection size: one] entrySet [collection size: one]]"/>
  <testcase time="0.001" classname="com.google.common.collect.testing.testers.CollectionRemoveAllTester" name="testRemoveAll_containsWrongType[PersistentMapTest [collection size: one] entrySet [collection size: one]]"/>
  <testcase time="0.002" classname="com.google.common.collect.testing.testers.CollectionRemoveTester" name="testRemove_present[PersistentMapTest [collection size: one] entrySet [collection size: one]]"/>
  <testcase time="0.001" classname="com.google.common.collect.testing.testers.CollectionRemoveTester" name="testRemove_notPresent[PersistentMapTest [collection size: one] entrySet [collection size: one]]"/>
  <testcase time="0.001" classname="com.google.common.collect.testing.testers.CollectionRemoveTester" name="testRemove_wrongType[PersistentMapTest [collection size: one] entrySet [collection size: one]]"/>
  <testcase time="0.001" classname="com.google.common.collect.testing.testers.CollectionRemoveTester" name="testRemove_nullAllowed[PersistentMapTest [collection size: one] entrySet [collection size: one]]"/>
  <testcase time="0.001" classname="com.google.common.collect.testing.testers.CollectionRetainAllTester" name="testRetainAll_emptyPreviouslyNonEmpty[PersistentMapTest [collection size: one] entrySet [collection size: one]]"/>
  <testcase time="0.001" classname="com.google.common.collect.testing.testers.CollectionRetainAllTester" name="testRetainAll_disjointPreviouslyNonEmpty[PersistentMapTest [collection size: one] entrySet [collection size: one]]"/>
  <testcase time="0.001" classname="com.google.common.collect.testing.testers.CollectionRetainAllTester" name="testRetainAll_superset[PersistentMapTest [collection size: one] entrySet [collection size: one]]"/>
  <testcase time="0.001" classname="com.google.common.collect.testing.testers.CollectionRetainAllTester" name="testRetainAll_sameElements[PersistentMapTest [collection size: one] entrySet [collection size: one]]"/>
  <testcase time="0.002" classname="com.google.common.collect.testing.testers.CollectionRetainAllTester" name="testRetainAll_containsDuplicatesSizeOne[PersistentMapTest [collection size: one] entrySet [collection size: one]]"/>
  <testcase time="0.001" classname="com.google.common.collect.testing.testers.CollectionRetainAllTester" name="testRetainAll_nullSingletonPreviouslyNonEmpty[PersistentMapTest [collection size: one] entrySet [collection size: one]]"/>
  <testcase time="0.002" classname="com.google.common.collect.testing.testers.CollectionRetainAllTester" name="testRetainAll_nullCollectionReferenceNonEmptySubject[PersistentMapTest [collection size: one] entrySet [collection size: one]]"/>
  <testcase time="0.002" classname="com.google.common.collect.testing.testers.CollectionSizeTester" name="testSize[PersistentMapTest [collection size: one] entrySet [collection size: one]]"/>
  <testcase time="0.001" classname="com.google.common.collect.testing.testers.CollectionToArrayTester" name="testToArray_noArgs[PersistentMapTest [collection size: one] entrySet [collection size: one]]"/>
  <testcase time="0.001" classname="com.google.common.collect.testing.testers.CollectionToArrayTester" name="testToArray_isPlainObjectArray[PersistentMapTest [collection size: one] entrySet [collection size: one]]"/>
  <testcase time="0.001" classname="com.google.common.collect.testing.testers.CollectionToArrayTester" name="testToArray_emptyArray[PersistentMapTest [collection size: one] entrySet [collection size: one]]"/>
  <testcase time="0.002" classname="com.google.common.collect.testing.testers.CollectionToArrayTester" name="testToArray_emptyArrayOfObject[PersistentMapTest [collection size: one] entrySet [collection size: one]]"/>
  <testcase time="0.001" classname="com.google.common.collect.testing.testers.CollectionToArrayTester" name="testToArray_rightSizedArray[PersistentMapTest [collection size: one] entrySet [collection size: one]]"/>
  <testcase time="0.001" classname="com.google.common.collect.testing.testers.CollectionToArrayTester" name="testToArray_rightSizedArrayOfObject[PersistentMapTest [collection size: one] entrySet [collection size: one]]"/>
  <testcase time="0.001" classname="com.google.common.collect.testing.testers.CollectionToArrayTester" name="testToArray_oversizedArray[PersistentMapTest [collection size: one] entrySet [collection size: one]]"/>
  <testcase time="0.001" classname="com.google.common.collect.testing.testers.CollectionToArrayTester" name="testToArray_emptyArrayOfWrongTypeForNonEmptyCollection[PersistentMapTest [collection size: one] entrySet [collection size: one]]"/>
  <testcase time="0.001" classname="com.google.common.collect.testing.testers.CollectionToStringTester" name="testToString_size1[PersistentMapTest [collection size: one] entrySet [collection size: one]]"/>
  <testcase time="0.001" classname="com.google.common.collect.testing.testers.CollectionToStringTester" name="testToString_minimal[PersistentMapTest [collection size: one] entrySet [collection size: one]]"/>
  <testcase time="0.001" classname="com.google.common.collect.testing.testers.SetHashCodeTester" name="testHashCode[PersistentMapTest [collection size: one] entrySet [collection size: one]]"/>
  <testcase time="0.001" classname="com.google.common.collect.testing.testers.SetEqualsTester" name="testEquals_list[PersistentMapTest [collection size: one] entrySet [collection size: one]]"/>
  <testcase time="0.001" classname="com.google.common.collect.testing.testers.SetEqualsTester" name="testEquals_otherSetWithSameElements[PersistentMapTest [collection size: one] entrySet [collection size: one]]"/>
  <testcase time="0.001" classname="com.google.common.collect.testing.testers.SetEqualsTester" name="testEquals_otherSetWithDifferentElements[PersistentMapTest [collection size: one] entrySet [collection size: one]]"/>
  <testcase time="0.001" classname="com.google.common.collect.testing.testers.SetEqualsTester" name="testEquals_otherContainsNull[PersistentMapTest [collection size: one] entrySet [collection size: one]]"/>
  <testcase time="0.001" classname="com.google.common.collect.testing.testers.SetEqualsTester" name="testEquals_smallerSet[PersistentMapTest [collection size: one] entrySet [collection size: one]]"/>
  <testcase time="0.001" classname="com.google.common.collect.testing.testers.SetEqualsTester" name="testEquals_largerSet[PersistentMapTest [collection size: one] entrySet [collection size: one]]"/>
  <testcase time="0.002" classname="com.google.common.collect.testing.testers.SetRemoveTester" name="testRemove_present[PersistentMapTest [collection size: one] entrySet [collection size: one]]"/>
  <testcase time="0" classname="com.google.common.collect.testing.ExampleIteratorTester" name="testSomethingAboutIterators[PersistentMapTest [collection size: one] entrySet [collection size: one] iterator]"/>
  <testcase time="0.002" classname="com.google.common.collect.testing.testers.CollectionAddAllTester" name="testAddAll_unsupportedNothing[PersistentMapTest [collection size: one] keys [collection size: one]]"/>
  <testcase time="0.003" classname="com.google.common.collect.testing.testers.CollectionAddAllTester" name="testAddAll_unsupportedNonePresent[PersistentMapTest [collection size: one] keys [collection size: one]]"/>
  <testcase time="0.001" classname="com.google.common.collect.testing.testers.CollectionAddAllTester" name="testAddAll_unsupportedSomePresent[PersistentMapTest [collection size: one] keys [collection size: one]]"/>
  <testcase time="0.002" classname="com.google.common.collect.testing.testers.CollectionAddAllTester" name="testAddAll_unsupportedAllPresent[PersistentMapTest [collection size: one] keys [collection size: one]]"/>
  <testcase time="0.008" classname="com.google.common.collect.testing.testers.CollectionAddTester" name="testAdd_unsupportedNotPresent[PersistentMapTest [collection size: one] keys [collection size: one]]"/>
  <testcase time="0" classname="com.google.common.collect.testing.testers.CollectionAddTester" name="testAdd_unsupportedPresent[PersistentMapTest [collection size: one] keys [collection size: one]]"/>
  <testcase time="0" classname="com.google.common.collect.testing.testers.CollectionClearTester" name="testClear[PersistentMapTest [collection size: one] keys [collection size: one]]"/>
  <testcase time="0" classname="com.google.common.collect.testing.testers.CollectionContainsAllTester" name="testContainsAll_subset[PersistentMapTest [collection size: one] keys [collection size: one]]"/>
  <testcase time="0" classname="com.google.common.collect.testing.testers.CollectionContainsAllTester" name="testContainsAll_self[PersistentMapTest [collection size: one] keys [collection size: one]]"/>
  <testcase time="0.002" classname="com.google.common.collect.testing.testers.CollectionContainsAllTester" name="testContainsAll_empty[PersistentMapTest [collection size: one] keys [collection size: one]]"/>
  <testcase time="0.001" classname="com.google.common.collect.testing.testers.CollectionContainsAllTester" name="testContainsAll_sameElements[PersistentMapTest [collection size: one] keys [collection size: one]]"/>
  <testcase time="0.001" classname="com.google.common.collect.testing.testers.CollectionContainsAllTester" name="testContainsAll_partialOverlap[PersistentMapTest [collection size: one] keys [collection size: one]]"/>
  <testcase time="0.001" classname="com.google.common.collect.testing.testers.CollectionContainsAllTester" name="testContainsAll_disjoint[PersistentMapTest [collection size: one] keys [collection size: one]]"/>
  <testcase time="0.001" classname="com.google.common.collect.testing.testers.CollectionContainsAllTester" name="testContainsAll_nullNotAllowed[PersistentMapTest [collection size: one] keys [collection size: one]]"/>
  <testcase time="0.001" classname="com.google.common.collect.testing.testers.CollectionContainsAllTester" name="testContainsAll_wrongType[PersistentMapTest [collection size: one] keys [collection size: one]]"/>
  <testcase time="0.001" classname="com.google.common.collect.testing.testers.CollectionContainsTester" name="testContains_nullNotContainedAndUnsupported[PersistentMapTest [collection size: one] keys [collection size: one]]"/>
  <testcase time="0.001" classname="com.google.common.collect.testing.testers.CollectionContainsTester" name="testContains_yes[PersistentMapTest [collection size: one] keys [collection size: one]]"/>
  <testcase time="0.001" classname="com.google.common.collect.testing.testers.CollectionContainsTester" name="testContains_no[PersistentMapTest [collection size: one] keys [collection size: one]]"/>
  <testcase time="0.001" classname="com.google.common.collect.testing.testers.CollectionContainsTester" name="testContains_wrongType[PersistentMapTest [collection size: one] keys [collection size: one]]"/>
  <testcase time="0.001" classname="com.google.common.collect.testing.testers.CollectionCreationTester" name="testCreateWithNull_unsupported[PersistentMapTest [collection size: one] keys [collection size: one]]"/>
  <testcase time="0.001" classname="com.google.common.collect.testing.testers.CollectionEqualsTester" name="testEquals_self[PersistentMapTest [collection size: one] keys [collection size: one]]"/>
  <testcase time="0.001" classname="com.google.common.collect.testing.testers.CollectionEqualsTester" name="testEquals_null[PersistentMapTest [collection size: one] keys [collection size: one]]"/>
  <testcase time="0.001" classname="com.google.common.collect.testing.testers.CollectionEqualsTester" name="testEquals_notACollection[PersistentMapTest [collection size: one] keys [collection size: one]]"/>
  <testcase time="0.002" classname="com.google.common.collect.testing.testers.CollectionIsEmptyTester" name="testIsEmpty_no[PersistentMapTest [collection size: one] keys [collection size: one]]"/>
  <testcase time="0" classname="com.google.common.collect.testing.testers.CollectionIteratorTester" name="testIterator[PersistentMapTest [collection size: one] keys [collection size: one]]"/>
  <testcase time="0.008" classname="com.google.common.collect.testing.testers.CollectionIteratorTester" name="testIterator_unknownOrderRemoveSupported[PersistentMapTest [collection size: one] keys [collection size: one]]">
    <failure message="failed with stimuli [hasNext, hasNext, hasNext, hasNext, remove]" type="junit.framework.AssertionFailedError">junit.framework.AssertionFailedError: failed with stimuli [hasNext, hasNext, hasNext, hasNext, remove]
	at com.google.common.collect.testing.Helpers.fail(Helpers.java:164)
	at com.google.common.collect.testing.AbstractIteratorTester.compareResultsForThisListOfStimuli(AbstractIteratorTester.java:420)
	at com.google.common.collect.testing.AbstractIteratorTester.recurse(AbstractIteratorTester.java:385)
	at com.google.common.collect.testing.AbstractIteratorTester.recurse(AbstractIteratorTester.java:390)
	at com.google.common.collect.testing.AbstractIteratorTester.recurse(AbstractIteratorTester.java:390)
	at com.google.common.collect.testing.AbstractIteratorTester.recurse(AbstractIteratorTester.java:390)
	at com.google.common.collect.testing.AbstractIteratorTester.recurse(AbstractIteratorTester.java:390)
	at com.google.common.collect.testing.AbstractIteratorTester.recurse(AbstractIteratorTester.java:390)
	at com.google.common.collect.testing.AbstractIteratorTester.test(AbstractIteratorTester.java:374)
	at com.google.common.collect.testing.testers.CollectionIteratorTester.runIteratorTest(CollectionIteratorTester.java:100)
	at com.google.common.collect.testing.testers.CollectionIteratorTester.testIterator_unknownOrderRemoveSupported(CollectionIteratorTester.java:88)
	at sun.reflect.NativeMethodAccessorImpl.invoke0(Native Method)
	at sun.reflect.NativeMethodAccessorImpl.invoke(NativeMethodAccessorImpl.java:57)
	at sun.reflect.DelegatingMethodAccessorImpl.invoke(DelegatingMethodAccessorImpl.java:43)
	at java.lang.reflect.Method.invoke(Method.java:601)
	at junit.framework.TestCase.runTest(TestCase.java:168)
	at junit.framework.TestCase.runBare(TestCase.java:134)
	at junit.framework.TestResult$1.protect(TestResult.java:110)
	at junit.framework.TestResult.runProtected(TestResult.java:128)
	at junit.framework.TestResult.run(TestResult.java:113)
	at junit.framework.TestCase.run(TestCase.java:124)
	at junit.framework.TestSuite.runTest(TestSuite.java:243)
	at junit.framework.TestSuite.run(TestSuite.java:238)
	at junit.framework.TestSuite.runTest(TestSuite.java:243)
	at junit.framework.TestSuite.run(TestSuite.java:238)
	at junit.framework.TestSuite.runTest(TestSuite.java:243)
	at junit.framework.TestSuite.run(TestSuite.java:238)
	at junit.framework.TestSuite.runTest(TestSuite.java:243)
	at junit.framework.TestSuite.run(TestSuite.java:238)
	at junit.framework.TestSuite.runTest(TestSuite.java:243)
	at junit.framework.TestSuite.run(TestSuite.java:238)
	at org.junit.internal.runners.JUnit38ClassRunner.run(JUnit38ClassRunner.java:83)
	at org.apache.maven.surefire.junit4.JUnit4TestSet.execute(JUnit4TestSet.java:53)
	at org.apache.maven.surefire.junit4.JUnit4Provider.executeTestSet(JUnit4Provider.java:123)
	at org.apache.maven.surefire.junit4.JUnit4Provider.invoke(JUnit4Provider.java:104)
	at sun.reflect.NativeMethodAccessorImpl.invoke0(Native Method)
	at sun.reflect.NativeMethodAccessorImpl.invoke(NativeMethodAccessorImpl.java:57)
	at sun.reflect.DelegatingMethodAccessorImpl.invoke(DelegatingMethodAccessorImpl.java:43)
	at java.lang.reflect.Method.invoke(Method.java:601)
	at org.apache.maven.surefire.util.ReflectionUtils.invokeMethodWithArray(ReflectionUtils.java:164)
	at org.apache.maven.surefire.booter.ProviderFactory$ProviderProxy.invoke(ProviderFactory.java:110)
	at org.apache.maven.surefire.booter.SurefireStarter.invokeProvider(SurefireStarter.java:175)
	at org.apache.maven.surefire.booter.SurefireStarter.runSuitesInProcessWhenForked(SurefireStarter.java:107)
	at org.apache.maven.surefire.booter.ForkedBooter.main(ForkedBooter.java:68)
Caused by: junit.framework.AssertionFailedError: Exception class java.lang.NullPointerException was thrown; expected one of [class java.lang.IllegalStateException]
	at com.google.common.collect.testing.Helpers.fail(Helpers.java:164)
	at com.google.common.collect.testing.AbstractIteratorTester$PermittedMetaException.assertPermitted(AbstractIteratorTester.java:142)
	at com.google.common.collect.testing.AbstractIteratorTester.internalExecuteAndCompare(AbstractIteratorTester.java:518)
	at com.google.common.collect.testing.AbstractIteratorTester.access$500(AbstractIteratorTester.java:51)
	at com.google.common.collect.testing.AbstractIteratorTester$8.executeAndCompare(AbstractIteratorTester.java:611)
	at com.google.common.collect.testing.AbstractIteratorTester.compareResultsForThisListOfStimuli(AbstractIteratorTester.java:406)
	... 42 more
Caused by: java.lang.NullPointerException
	at com.google.common.base.Preconditions.checkNotNull(Preconditions.java:191)
	at com.jloisel.collection.map.persistence.FileUtils.toPath(FileUtils.java:59)
	at com.jloisel.collection.map.persistence.FileUtils.remove(FileUtils.java:55)
	at com.jloisel.collection.map.PersistentMapSetIterator.remove(PersistentMapSetIterator.java:38)
	at com.google.common.collect.testing.AbstractIteratorTester$1.execute(AbstractIteratorTester.java:527)
	at com.google.common.collect.testing.AbstractIteratorTester.internalExecuteAndCompare(AbstractIteratorTester.java:454)
	... 45 more
</failure>
  </testcase>
  <testcase time="0.002" classname="com.google.common.collect.testing.testers.CollectionIteratorTester" name="testIteratorNoSuchElementException[PersistentMapTest [collection size: one] keys [collection size: one]]"/>
  <testcase time="0.001" classname="com.google.common.collect.testing.testers.CollectionRemoveAllTester" name="testRemoveAll_emptyCollection[PersistentMapTest [collection size: one] keys [collection size: one]]"/>
  <testcase time="0.001" classname="com.google.common.collect.testing.testers.CollectionRemoveAllTester" name="testRemoveAll_nonePresent[PersistentMapTest [collection size: one] keys [collection size: one]]"/>
  <testcase time="0.006" classname="com.google.common.collect.testing.testers.CollectionRemoveAllTester" name="testRemoveAll_allPresent[PersistentMapTest [collection size: one] keys [collection size: one]]"/>
  <testcase time="0" classname="com.google.common.collect.testing.testers.CollectionRemoveAllTester" name="testRemoveAll_somePresent[PersistentMapTest [collection size: one] keys [collection size: one]]"/>
  <testcase time="0" classname="com.google.common.collect.testing.testers.CollectionRemoveAllTester" name="testRemoveAll_somePresentLargeCollectionToRemove[PersistentMapTest [collection size: one] keys [collection size: one]]"/>
  <testcase time="0.003" classname="com.google.common.collect.testing.testers.CollectionRemoveAllTester" name="testRemoveAll_nullCollectionReferenceNonEmptySubject[PersistentMapTest [collection size: one] keys [collection size: one]]"/>
  <testcase time="0.001" classname="com.google.common.collect.testing.testers.CollectionRemoveAllTester" name="testRemoveAll_containsNullNo[PersistentMapTest [collection size: one] keys [collection size: one]]"/>
  <testcase time="0" classname="com.google.common.collect.testing.testers.CollectionRemoveAllTester" name="testRemoveAll_containsWrongType[PersistentMapTest [collection size: one] keys [collection size: one]]"/>
  <testcase time="0.001" classname="com.google.common.collect.testing.testers.CollectionRemoveTester" name="testRemove_present[PersistentMapTest [collection size: one] keys [collection size: one]]"/>
  <testcase time="0.001" classname="com.google.common.collect.testing.testers.CollectionRemoveTester" name="testRemove_notPresent[PersistentMapTest [collection size: one] keys [collection size: one]]"/>
  <testcase time="0.001" classname="com.google.common.collect.testing.testers.CollectionRemoveTester" name="testRemove_wrongType[PersistentMapTest [collection size: one] keys [collection size: one]]"/>
  <testcase time="0.001" classname="com.google.common.collect.testing.testers.CollectionRemoveTester" name="testRemove_nullNotSupported[PersistentMapTest [collection size: one] keys [collection size: one]]"/>
  <testcase time="0.001" classname="com.google.common.collect.testing.testers.CollectionRetainAllTester" name="testRetainAll_emptyPreviouslyNonEmpty[PersistentMapTest [collection size: one] keys [collection size: one]]"/>
  <testcase time="0.001" classname="com.google.common.collect.testing.testers.CollectionRetainAllTester" name="testRetainAll_disjointPreviouslyNonEmpty[PersistentMapTest [collection size: one] keys [collection size: one]]"/>
  <testcase time="0.001" classname="com.google.common.collect.testing.testers.CollectionRetainAllTester" name="testRetainAll_superset[PersistentMapTest [collection size: one] keys [collection size: one]]"/>
  <testcase time="0.001" classname="com.google.common.collect.testing.testers.CollectionRetainAllTester" name="testRetainAll_sameElements[PersistentMapTest [collection size: one] keys [collection size: one]]"/>
  <testcase time="0.002" classname="com.google.common.collect.testing.testers.CollectionRetainAllTester" name="testRetainAll_containsDuplicatesSizeOne[PersistentMapTest [collection size: one] keys [collection size: one]]"/>
  <testcase time="0.001" classname="com.google.common.collect.testing.testers.CollectionRetainAllTester" name="testRetainAll_nullSingletonPreviouslyNonEmpty[PersistentMapTest [collection size: one] keys [collection size: one]]"/>
  <testcase time="0.002" classname="com.google.common.collect.testing.testers.CollectionRetainAllTester" name="testRetainAll_nullCollectionReferenceNonEmptySubject[PersistentMapTest [collection size: one] keys [collection size: one]]"/>
  <testcase time="0.001" classname="com.google.common.collect.testing.testers.CollectionSizeTester" name="testSize[PersistentMapTest [collection size: one] keys [collection size: one]]"/>
  <testcase time="0.001" classname="com.google.common.collect.testing.testers.CollectionToArrayTester" name="testToArray_noArgs[PersistentMapTest [collection size: one] keys [collection size: one]]"/>
  <testcase time="0.001" classname="com.google.common.collect.testing.testers.CollectionToArrayTester" name="testToArray_isPlainObjectArray[PersistentMapTest [collection size: one] keys [collection size: one]]"/>
  <testcase time="0.001" classname="com.google.common.collect.testing.testers.CollectionToArrayTester" name="testToArray_emptyArray[PersistentMapTest [collection size: one] keys [collection size: one]]"/>
  <testcase time="0.001" classname="com.google.common.collect.testing.testers.CollectionToArrayTester" name="testToArray_emptyArrayOfObject[PersistentMapTest [collection size: one] keys [collection size: one]]"/>
  <testcase time="0.001" classname="com.google.common.collect.testing.testers.CollectionToArrayTester" name="testToArray_rightSizedArray[PersistentMapTest [collection size: one] keys [collection size: one]]"/>
  <testcase time="0.002" classname="com.google.common.collect.testing.testers.CollectionToArrayTester" name="testToArray_rightSizedArrayOfObject[PersistentMapTest [collection size: one] keys [collection size: one]]"/>
  <testcase time="0" classname="com.google.common.collect.testing.testers.CollectionToArrayTester" name="testToArray_oversizedArray[PersistentMapTest [collection size: one] keys [collection size: one]]"/>
  <testcase time="0.001" classname="com.google.common.collect.testing.testers.CollectionToArrayTester" name="testToArray_emptyArrayOfWrongTypeForNonEmptyCollection[PersistentMapTest [collection size: one] keys [collection size: one]]"/>
  <testcase time="0.001" classname="com.google.common.collect.testing.testers.CollectionToStringTester" name="testToString_size1[PersistentMapTest [collection size: one] keys [collection size: one]]"/>
  <testcase time="0.001" classname="com.google.common.collect.testing.testers.CollectionToStringTester" name="testToString_minimal[PersistentMapTest [collection size: one] keys [collection size: one]]"/>
  <testcase time="0.001" classname="com.google.common.collect.testing.testers.SetHashCodeTester" name="testHashCode[PersistentMapTest [collection size: one] keys [collection size: one]]"/>
  <testcase time="0.001" classname="com.google.common.collect.testing.testers.SetEqualsTester" name="testEquals_list[PersistentMapTest [collection size: one] keys [collection size: one]]"/>
  <testcase time="0.001" classname="com.google.common.collect.testing.testers.SetEqualsTester" name="testEquals_otherSetWithSameElements[PersistentMapTest [collection size: one] keys [collection size: one]]"/>
  <testcase time="0.001" classname="com.google.common.collect.testing.testers.SetEqualsTester" name="testEquals_otherSetWithDifferentElements[PersistentMapTest [collection size: one] keys [collection size: one]]"/>
  <testcase time="0.001" classname="com.google.common.collect.testing.testers.SetEqualsTester" name="testEquals_otherContainsNull[PersistentMapTest [collection size: one] keys [collection size: one]]"/>
  <testcase time="0.002" classname="com.google.common.collect.testing.testers.SetEqualsTester" name="testEquals_smallerSet[PersistentMapTest [collection size: one] keys [collection size: one]]"/>
  <testcase time="0.001" classname="com.google.common.collect.testing.testers.SetEqualsTester" name="testEquals_largerSet[PersistentMapTest [collection size: one] keys [collection size: one]]"/>
  <testcase time="0.002" classname="com.google.common.collect.testing.testers.SetRemoveTester" name="testRemove_present[PersistentMapTest [collection size: one] keys [collection size: one]]"/>
  <testcase time="0" classname="com.google.common.collect.testing.ExampleIteratorTester" name="testSomethingAboutIterators[PersistentMapTest [collection size: one] keys [collection size: one] iterator]"/>
  <testcase time="0.001" classname="com.google.common.collect.testing.testers.CollectionAddAllTester" name="testAddAll_unsupportedNothing[PersistentMapTest [collection size: one] values [collection size: one]]"/>
  <testcase time="0.006" classname="com.google.common.collect.testing.testers.CollectionAddAllTester" name="testAddAll_unsupportedNonePresent[PersistentMapTest [collection size: one] values [collection size: one]]"/>
  <testcase time="0.002" classname="com.google.common.collect.testing.testers.CollectionAddAllTester" name="testAddAll_unsupportedSomePresent[PersistentMapTest [collection size: one] values [collection size: one]]"/>
  <testcase time="0.008" classname="com.google.common.collect.testing.testers.CollectionAddAllTester" name="testAddAll_unsupportedAllPresent[PersistentMapTest [collection size: one] values [collection size: one]]"/>
  <testcase time="0.001" classname="com.google.common.collect.testing.testers.CollectionAddTester" name="testAdd_unsupportedNotPresent[PersistentMapTest [collection size: one] values [collection size: one]]"/>
  <testcase time="0" classname="com.google.common.collect.testing.testers.CollectionAddTester" name="testAdd_unsupportedPresent[PersistentMapTest [collection size: one] values [collection size: one]]"/>
  <testcase time="0" classname="com.google.common.collect.testing.testers.CollectionClearTester" name="testClear[PersistentMapTest [collection size: one] values [collection size: one]]"/>
  <testcase time="0" classname="com.google.common.collect.testing.testers.CollectionContainsAllTester" name="testContainsAll_subset[PersistentMapTest [collection size: one] values [collection size: one]]"/>
  <testcase time="0.001" classname="com.google.common.collect.testing.testers.CollectionContainsAllTester" name="testContainsAll_self[PersistentMapTest [collection size: one] values [collection size: one]]"/>
  <testcase time="0.001" classname="com.google.common.collect.testing.testers.CollectionContainsAllTester" name="testContainsAll_empty[PersistentMapTest [collection size: one] values [collection size: one]]"/>
  <testcase time="0.001" classname="com.google.common.collect.testing.testers.CollectionContainsAllTester" name="testContainsAll_sameElements[PersistentMapTest [collection size: one] values [collection size: one]]"/>
  <testcase time="0.002" classname="com.google.common.collect.testing.testers.CollectionContainsAllTester" name="testContainsAll_partialOverlap[PersistentMapTest [collection size: one] values [collection size: one]]"/>
  <testcase time="0" classname="com.google.common.collect.testing.testers.CollectionContainsAllTester" name="testContainsAll_disjoint[PersistentMapTest [collection size: one] values [collection size: one]]"/>
  <testcase time="0.003" classname="com.google.common.collect.testing.testers.CollectionContainsAllTester" name="testContainsAll_nullNotAllowed[PersistentMapTest [collection size: one] values [collection size: one]]"/>
  <testcase time="0.004" classname="com.google.common.collect.testing.testers.CollectionContainsAllTester" name="testContainsAll_wrongType[PersistentMapTest [collection size: one] values [collection size: one]]"/>
  <testcase time="0" classname="com.google.common.collect.testing.testers.CollectionContainsTester" name="testContains_nullNotContainedAndUnsupported[PersistentMapTest [collection size: one] values [collection size: one]]"/>
  <testcase time="0.006" classname="com.google.common.collect.testing.testers.CollectionContainsTester" name="testContains_yes[PersistentMapTest [collection size: one] values [collection size: one]]"/>
  <testcase time="0" classname="com.google.common.collect.testing.testers.CollectionContainsTester" name="testContains_no[PersistentMapTest [collection size: one] values [collection size: one]]"/>
  <testcase time="0" classname="com.google.common.collect.testing.testers.CollectionContainsTester" name="testContains_wrongType[PersistentMapTest [collection size: one] values [collection size: one]]"/>
  <testcase time="0.002" classname="com.google.common.collect.testing.testers.CollectionCreationTester" name="testCreateWithNull_unsupported[PersistentMapTest [collection size: one] values [collection size: one]]"/>
  <testcase time="0.001" classname="com.google.common.collect.testing.testers.CollectionEqualsTester" name="testEquals_self[PersistentMapTest [collection size: one] values [collection size: one]]"/>
  <testcase time="0.002" classname="com.google.common.collect.testing.testers.CollectionEqualsTester" name="testEquals_null[PersistentMapTest [collection size: one] values [collection size: one]]"/>
  <testcase time="0" classname="com.google.common.collect.testing.testers.CollectionEqualsTester" name="testEquals_notACollection[PersistentMapTest [collection size: one] values [collection size: one]]"/>
  <testcase time="0.001" classname="com.google.common.collect.testing.testers.CollectionIsEmptyTester" name="testIsEmpty_no[PersistentMapTest [collection size: one] values [collection size: one]]"/>
  <testcase time="0.001" classname="com.google.common.collect.testing.testers.CollectionIteratorTester" name="testIterator[PersistentMapTest [collection size: one] values [collection size: one]]"/>
  <testcase time="0.221" classname="com.google.common.collect.testing.testers.CollectionIteratorTester" name="testIterator_unknownOrderRemoveSupported[PersistentMapTest [collection size: one] values [collection size: one]]"/>
  <testcase time="0.002" classname="com.google.common.collect.testing.testers.CollectionIteratorTester" name="testIteratorNoSuchElementException[PersistentMapTest [collection size: one] values [collection size: one]]"/>
  <testcase time="0.001" classname="com.google.common.collect.testing.testers.CollectionRemoveAllTester" name="testRemoveAll_emptyCollection[PersistentMapTest [collection size: one] values [collection size: one]]"/>
  <testcase time="0.001" classname="com.google.common.collect.testing.testers.CollectionRemoveAllTester" name="testRemoveAll_nonePresent[PersistentMapTest [collection size: one] values [collection size: one]]"/>
  <testcase time="0.001" classname="com.google.common.collect.testing.testers.CollectionRemoveAllTester" name="testRemoveAll_allPresent[PersistentMapTest [collection size: one] values [collection size: one]]"/>
  <testcase time="0.002" classname="com.google.common.collect.testing.testers.CollectionRemoveAllTester" name="testRemoveAll_somePresent[PersistentMapTest [collection size: one] values [collection size: one]]"/>
  <testcase time="0.001" classname="com.google.common.collect.testing.testers.CollectionRemoveAllTester" name="testRemoveAll_somePresentLargeCollectionToRemove[PersistentMapTest [collection size: one] values [collection size: one]]"/>
  <testcase time="0.001" classname="com.google.common.collect.testing.testers.CollectionRemoveAllTester" name="testRemoveAll_nullCollectionReferenceNonEmptySubject[PersistentMapTest [collection size: one] values [collection size: one]]"/>
  <testcase time="0.002" classname="com.google.common.collect.testing.testers.CollectionRemoveAllTester" name="testRemoveAll_containsNullNo[PersistentMapTest [collection size: one] values [collection size: one]]"/>
  <testcase time="0.001" classname="com.google.common.collect.testing.testers.CollectionRemoveAllTester" name="testRemoveAll_containsWrongType[PersistentMapTest [collection size: one] values [collection size: one]]"/>
  <testcase time="0.001" classname="com.google.common.collect.testing.testers.CollectionRemoveTester" name="testRemove_present[PersistentMapTest [collection size: one] values [collection size: one]]"/>
  <testcase time="0.001" classname="com.google.common.collect.testing.testers.CollectionRemoveTester" name="testRemove_notPresent[PersistentMapTest [collection size: one] values [collection size: one]]"/>
  <testcase time="0.001" classname="com.google.common.collect.testing.testers.CollectionRemoveTester" name="testRemove_wrongType[PersistentMapTest [collection size: one] values [collection size: one]]"/>
  <testcase time="0.001" classname="com.google.common.collect.testing.testers.CollectionRemoveTester" name="testRemove_nullNotSupported[PersistentMapTest [collection size: one] values [collection size: one]]"/>
  <testcase time="0.001" classname="com.google.common.collect.testing.testers.CollectionRetainAllTester" name="testRetainAll_emptyPreviouslyNonEmpty[PersistentMapTest [collection size: one] values [collection size: one]]"/>
  <testcase time="0.001" classname="com.google.common.collect.testing.testers.CollectionRetainAllTester" name="testRetainAll_disjointPreviouslyNonEmpty[PersistentMapTest [collection size: one] values [collection size: one]]"/>
  <testcase time="0.001" classname="com.google.common.collect.testing.testers.CollectionRetainAllTester" name="testRetainAll_superset[PersistentMapTest [collection size: one] values [collection size: one]]"/>
  <testcase time="0.001" classname="com.google.common.collect.testing.testers.CollectionRetainAllTester" name="testRetainAll_sameElements[PersistentMapTest [collection size: one] values [collection size: one]]"/>
  <testcase time="0.001" classname="com.google.common.collect.testing.testers.CollectionRetainAllTester" name="testRetainAll_containsDuplicatesSizeOne[PersistentMapTest [collection size: one] values [collection size: one]]"/>
  <testcase time="0.001" classname="com.google.common.collect.testing.testers.CollectionRetainAllTester" name="testRetainAll_nullSingletonPreviouslyNonEmpty[PersistentMapTest [collection size: one] values [collection size: one]]"/>
  <testcase time="0.001" classname="com.google.common.collect.testing.testers.CollectionRetainAllTester" name="testRetainAll_nullCollectionReferenceNonEmptySubject[PersistentMapTest [collection size: one] values [collection size: one]]"/>
  <testcase time="0" classname="com.google.common.collect.testing.testers.CollectionSizeTester" name="testSize[PersistentMapTest [collection size: one] values [collection size: one]]"/>
  <testcase time="0.001" classname="com.google.common.collect.testing.testers.CollectionToArrayTester" name="testToArray_noArgs[PersistentMapTest [collection size: one] values [collection size: one]]"/>
  <testcase time="0.001" classname="com.google.common.collect.testing.testers.CollectionToArrayTester" name="testToArray_isPlainObjectArray[PersistentMapTest [collection size: one] values [collection size: one]]"/>
  <testcase time="0.001" classname="com.google.common.collect.testing.testers.CollectionToArrayTester" name="testToArray_emptyArray[PersistentMapTest [collection size: one] values [collection size: one]]"/>
  <testcase time="0.001" classname="com.google.common.collect.testing.testers.CollectionToArrayTester" name="testToArray_emptyArrayOfObject[PersistentMapTest [collection size: one] values [collection size: one]]"/>
  <testcase time="0.001" classname="com.google.common.collect.testing.testers.CollectionToArrayTester" name="testToArray_rightSizedArray[PersistentMapTest [collection size: one] values [collection size: one]]"/>
  <testcase time="0.001" classname="com.google.common.collect.testing.testers.CollectionToArrayTester" name="testToArray_rightSizedArrayOfObject[PersistentMapTest [collection size: one] values [collection size: one]]"/>
  <testcase time="0.001" classname="com.google.common.collect.testing.testers.CollectionToArrayTester" name="testToArray_oversizedArray[PersistentMapTest [collection size: one] values [collection size: one]]"/>
  <testcase time="0.001" classname="com.google.common.collect.testing.testers.CollectionToArrayTester" name="testToArray_emptyArrayOfWrongTypeForNonEmptyCollection[PersistentMapTest [collection size: one] values [collection size: one]]"/>
  <testcase time="0.001" classname="com.google.common.collect.testing.testers.CollectionToStringTester" name="testToString_size1[PersistentMapTest [collection size: one] values [collection size: one]]"/>
  <testcase time="0.001" classname="com.google.common.collect.testing.testers.CollectionToStringTester" name="testToString_minimal[PersistentMapTest [collection size: one] values [collection size: one]]"/>
  <testcase time="0" classname="com.google.common.collect.testing.ExampleIteratorTester" name="testSomethingAboutIterators[PersistentMapTest [collection size: one] values [collection size: one] iterator]"/>
  <testcase time="0.004" classname="com.google.common.collect.testing.testers.MapClearTester" name="testClearConcurrentWithEntrySetIteration[PersistentMapTest [collection size: several]]"/>
  <testcase time="0.004" classname="com.google.common.collect.testing.testers.MapClearTester" name="testClear[PersistentMapTest [collection size: several]]"/>
  <testcase time="0.004" classname="com.google.common.collect.testing.testers.MapClearTester" name="testClearConcurrentWithKeySetIteration[PersistentMapTest [collection size: several]]"/>
  <testcase time="0.004" classname="com.google.common.collect.testing.testers.MapClearTester" name="testClearConcurrentWithValuesIteration[PersistentMapTest [collection size: several]]"/>
  <testcase time="0.003" classname="com.google.common.collect.testing.testers.MapContainsKeyTester" name="testContains_nullNotContainedAndUnsupported[PersistentMapTest [collection size: several]]"/>
  <testcase time="0.004" classname="com.google.common.collect.testing.testers.MapContainsKeyTester" name="testContains_yes[PersistentMapTest [collection size: several]]"/>
  <testcase time="0.004" classname="com.google.common.collect.testing.testers.MapContainsKeyTester" name="testContains_no[PersistentMapTest [collection size: several]]"/>
  <testcase time="0.004" classname="com.google.common.collect.testing.testers.MapContainsKeyTester" name="testContains_wrongType[PersistentMapTest [collection size: several]]"/>
  <testcase time="0.003" classname="com.google.common.collect.testing.testers.MapContainsValueTester" name="testContains_nullNotContainedAndUnsupported[PersistentMapTest [collection size: several]]"/>
  <testcase time="0.004" classname="com.google.common.collect.testing.testers.MapContainsValueTester" name="testContains_yes[PersistentMapTest [collection size: several]]"/>
  <testcase time="0.004" classname="com.google.common.collect.testing.testers.MapContainsValueTester" name="testContains_no[PersistentMapTest [collection size: several]]"/>
  <testcase time="0.003" classname="com.google.common.collect.testing.testers.MapContainsValueTester" name="testContains_wrongType[PersistentMapTest [collection size: several]]"/>
  <testcase time="0.005" classname="com.google.common.collect.testing.testers.MapCreationTester" name="testCreateWithNullKeyUnsupported[PersistentMapTest [collection size: several]]"/>
  <testcase time="0.005" classname="com.google.common.collect.testing.testers.MapCreationTester" name="testCreateWithNullValueUnsupported[PersistentMapTest [collection size: several]]"/>
  <testcase time="0.005" classname="com.google.common.collect.testing.testers.MapCreationTester" name="testCreateWithDuplicates_nonNullDuplicatesNotRejected[PersistentMapTest [collection size: several]]"/>
  <testcase time="0.004" classname="com.google.common.collect.testing.testers.MapEqualsTester" name="testEquals_otherMapWithSameEntries[PersistentMapTest [collection size: several]]"/>
  <testcase time="0.004" classname="com.google.common.collect.testing.testers.MapEqualsTester" name="testEquals_otherMapWithDifferentEntries[PersistentMapTest [collection size: several]]"/>
  <testcase time="0.015" classname="com.google.common.collect.testing.testers.MapEqualsTester" name="testEquals_otherContainsNullKey[PersistentMapTest [collection size: several]]"/>
  <testcase time="0.004" classname="com.google.common.collect.testing.testers.MapEqualsTester" name="testEquals_otherContainsNullValue[PersistentMapTest [collection size: several]]"/>
  <testcase time="0.003" classname="com.google.common.collect.testing.testers.MapEqualsTester" name="testEquals_smallerMap[PersistentMapTest [collection size: several]]"/>
  <testcase time="0.069" classname="com.google.common.collect.testing.testers.MapEqualsTester" name="testEquals_largerMap[PersistentMapTest [collection size: several]]"/>
  <testcase time="0" classname="com.google.common.collect.testing.testers.MapEqualsTester" name="testEquals_list[PersistentMapTest [collection size: several]]"/>
  <testcase time="0" classname="com.google.common.collect.testing.testers.MapGetTester" name="testGet_yes[PersistentMapTest [collection size: several]]"/>
  <testcase time="0" classname="com.google.common.collect.testing.testers.MapGetTester" name="testGet_no[PersistentMapTest [collection size: several]]"/>
  <testcase time="0" classname="com.google.common.collect.testing.testers.MapGetTester" name="testGet_nullNotContainedAndUnsupported[PersistentMapTest [collection size: several]]"/>
  <testcase time="0" classname="com.google.common.collect.testing.testers.MapGetTester" name="testGet_wrongType[PersistentMapTest [collection size: several]]"/>
  <testcase time="0" classname="com.google.common.collect.testing.testers.MapHashCodeTester" name="testHashCode[PersistentMapTest [collection size: several]]"/>
  <testcase time="0" classname="com.google.common.collect.testing.testers.MapIsEmptyTester" name="testIsEmpty_no[PersistentMapTest [collection size: several]]"/>
  <testcase time="0" classname="com.google.common.collect.testing.testers.MapPutTester" name="testPut_supportedNotPresent[PersistentMapTest [collection size: several]]"/>
  <testcase time="0" classname="com.google.common.collect.testing.testers.MapPutTester" name="testPutAbsentConcurrentWithEntrySetIteration[PersistentMapTest [collection size: several]]"/>
  <testcase time="0" classname="com.google.common.collect.testing.testers.MapPutTester" name="testPutAbsentConcurrentWithKeySetIteration[PersistentMapTest [collection size: several]]"/>
  <testcase time="0" classname="com.google.common.collect.testing.testers.MapPutTester" name="testPutAbsentConcurrentWithValueIteration[PersistentMapTest [collection size: several]]"/>
  <testcase time="0" classname="com.google.common.collect.testing.testers.MapPutTester" name="testPut_nullKeyUnsupported[PersistentMapTest [collection size: several]]"/>
  <testcase time="0" classname="com.google.common.collect.testing.testers.MapPutTester" name="testPut_nullValueUnsupported[PersistentMapTest [collection size: several]]"/>
  <testcase time="0.01" classname="com.google.common.collect.testing.testers.MapPutTester" name="testPut_replaceWithNullValueUnsupported[PersistentMapTest [collection size: several]]"/>
  <testcase time="0.007" classname="com.google.common.collect.testing.testers.MapPutAllTester" name="testPutAll_supportedNothing[PersistentMapTest [collection size: several]]"/>
  <testcase time="0.009" classname="com.google.common.collect.testing.testers.MapPutAllTester" name="testPutAll_supportedNonePresent[PersistentMapTest [collection size: several]]"/>
  <testcase time="0.007" classname="com.google.common.collect.testing.testers.MapPutAllTester" name="testPutAll_supportedSomePresent[PersistentMapTest [collection size: several]]"/>
  <testcase time="0.004" classname="com.google.common.collect.testing.testers.MapPutAllTester" name="testPutAllSomePresentConcurrentWithEntrySetIteration[PersistentMapTest [collection size: several]]"/>
  <testcase time="0.005" classname="com.google.common.collect.testing.testers.MapPutAllTester" name="testPutAll_nullKeyUnsupported[PersistentMapTest [collection size: several]]"/>
  <testcase time="0.003" classname="com.google.common.collect.testing.testers.MapPutAllTester" name="testPutAll_nullValueUnsupported[PersistentMapTest [collection size: several]]"/>
  <testcase time="0.003" classname="com.google.common.collect.testing.testers.MapPutAllTester" name="testPutAll_nullCollectionReference[PersistentMapTest [collection size: several]]"/>
  <testcase time="0.004" classname="com.google.common.collect.testing.testers.MapRemoveTester" name="testRemovePresentConcurrentWithEntrySetIteration[PersistentMapTest [collection size: several]]"/>
  <testcase time="0.004" classname="com.google.common.collect.testing.testers.MapRemoveTester" name="testRemove_present[PersistentMapTest [collection size: several]]"/>
  <testcase time="0.003" classname="com.google.common.collect.testing.testers.MapRemoveTester" name="testRemovePresentConcurrentWithKeySetIteration[PersistentMapTest [collection size: several]]"/>
  <testcase time="0.004" classname="com.google.common.collect.testing.testers.MapRemoveTester" name="testRemovePresentConcurrentWithValuesIteration[PersistentMapTest [collection size: several]]"/>
  <testcase time="0.004" classname="com.google.common.collect.testing.testers.MapRemoveTester" name="testRemove_notPresent[PersistentMapTest [collection size: several]]"/>
  <testcase time="0.004" classname="com.google.common.collect.testing.testers.MapRemoveTester" name="testRemove_nullQueriesNotSupported[PersistentMapTest [collection size: several]]"/>
  <testcase time="0.003" classname="com.google.common.collect.testing.testers.MapRemoveTester" name="testRemove_wrongType[PersistentMapTest [collection size: several]]"/>
  <testcase time="0.003" classname="com.google.common.collect.testing.testers.MapSizeTester" name="testSize[PersistentMapTest [collection size: several]]"/>
  <testcase time="0.002" classname="com.google.common.collect.testing.testers.CollectionAddAllTester" name="testAddAll_unsupportedNothing[PersistentMapTest [collection size: several] entrySet [collection size: several]]"/>
  <testcase time="0.002" classname="com.google.common.collect.testing.testers.CollectionAddAllTester" name="testAddAll_unsupportedNonePresent[PersistentMapTest [collection size: several] entrySet [collection size: several]]"/>
  <testcase time="0.002" classname="com.google.common.collect.testing.testers.CollectionAddAllTester" name="testAddAll_unsupportedSomePresent[PersistentMapTest [collection size: several] entrySet [collection size: several]]"/>
  <testcase time="0.002" classname="com.google.common.collect.testing.testers.CollectionAddAllTester" name="testAddAll_unsupportedAllPresent[PersistentMapTest [collection size: several] entrySet [collection size: several]]"/>
  <testcase time="0.002" classname="com.google.common.collect.testing.testers.CollectionAddTester" name="testAdd_unsupportedNotPresent[PersistentMapTest [collection size: several] entrySet [collection size: several]]"/>
  <testcase time="0.002" classname="com.google.common.collect.testing.testers.CollectionAddTester" name="testAdd_unsupportedPresent[PersistentMapTest [collection size: several] entrySet [collection size: several]]"/>
  <testcase time="0.002" classname="com.google.common.collect.testing.testers.CollectionClearTester" name="testClear[PersistentMapTest [collection size: several] entrySet [collection size: several]]"/>
  <testcase time="0.002" classname="com.google.common.collect.testing.testers.CollectionClearTester" name="testClearConcurrentWithIteration[PersistentMapTest [collection size: several] entrySet [collection size: several]]"/>
  <testcase time="0.001" classname="com.google.common.collect.testing.testers.CollectionContainsAllTester" name="testContainsAll_subset[PersistentMapTest [collection size: several] entrySet [collection size: several]]"/>
  <testcase time="0.003" classname="com.google.common.collect.testing.testers.CollectionContainsAllTester" name="testContainsAll_self[PersistentMapTest [collection size: several] entrySet [collection size: several]]"/>
  <testcase time="0.001" classname="com.google.common.collect.testing.testers.CollectionContainsAllTester" name="testContainsAll_empty[PersistentMapTest [collection size: several] entrySet [collection size: several]]"/>
  <testcase time="0.002" classname="com.google.common.collect.testing.testers.CollectionContainsAllTester" name="testContainsAll_sameElements[PersistentMapTest [collection size: several] entrySet [collection size: several]]"/>
  <testcase time="0.002" classname="com.google.common.collect.testing.testers.CollectionContainsAllTester" name="testContainsAll_partialOverlap[PersistentMapTest [collection size: several] entrySet [collection size: several]]"/>
  <testcase time="0.001" classname="com.google.common.collect.testing.testers.CollectionContainsAllTester" name="testContainsAll_disjoint[PersistentMapTest [collection size: several] entrySet [collection size: several]]"/>
  <testcase time="0.001" classname="com.google.common.collect.testing.testers.CollectionContainsAllTester" name="testContainsAll_nullAllowed[PersistentMapTest [collection size: several] entrySet [collection size: several]]"/>
  <testcase time="0.002" classname="com.google.common.collect.testing.testers.CollectionContainsAllTester" name="testContainsAll_wrongType[PersistentMapTest [collection size: several] entrySet [collection size: several]]"/>
  <testcase time="0.002" classname="com.google.common.collect.testing.testers.CollectionContainsTester" name="testContains_yes[PersistentMapTest [collection size: several] entrySet [collection size: several]]"/>
  <testcase time="0.002" classname="com.google.common.collect.testing.testers.CollectionContainsTester" name="testContains_no[PersistentMapTest [collection size: several] entrySet [collection size: several]]"/>
  <testcase time="0.002" classname="com.google.common.collect.testing.testers.CollectionContainsTester" name="testContains_wrongType[PersistentMapTest [collection size: several] entrySet [collection size: several]]"/>
  <testcase time="0.007" classname="com.google.common.collect.testing.testers.CollectionContainsTester" name="testContains_nullNotContainedButQueriesSupported[PersistentMapTest [collection size: several] entrySet [collection size: several]]"/>
  <testcase time="0" classname="com.google.common.collect.testing.testers.CollectionEqualsTester" name="testEquals_self[PersistentMapTest [collection size: several] entrySet [collection size: several]]"/>
  <testcase time="0.002" classname="com.google.common.collect.testing.testers.CollectionEqualsTester" name="testEquals_null[PersistentMapTest [collection size: several] entrySet [collection size: several]]"/>
  <testcase time="0.002" classname="com.google.common.collect.testing.testers.CollectionEqualsTester" name="testEquals_notACollection[PersistentMapTest [collection size: several] entrySet [collection size: several]]"/>
  <testcase time="0.002" classname="com.google.common.collect.testing.testers.CollectionIsEmptyTester" name="testIsEmpty_no[PersistentMapTest [collection size: several] entrySet [collection size: several]]"/>
  <testcase time="0.003" classname="com.google.common.collect.testing.testers.CollectionIteratorTester" name="testIterator[PersistentMapTest [collection size: several] entrySet [collection size: several]]"/>
  <testcase time="0.009" classname="com.google.common.collect.testing.testers.CollectionIteratorTester" name="testIterator_unknownOrderRemoveSupported[PersistentMapTest [collection size: several] entrySet [collection size: several]]">
    <failure message="failed with stimuli [hasNext, hasNext, hasNext, hasNext, remove]" type="junit.framework.AssertionFailedError">junit.framework.AssertionFailedError: failed with stimuli [hasNext, hasNext, hasNext, hasNext, remove]
	at com.google.common.collect.testing.Helpers.fail(Helpers.java:164)
	at com.google.common.collect.testing.AbstractIteratorTester.compareResultsForThisListOfStimuli(AbstractIteratorTester.java:420)
	at com.google.common.collect.testing.AbstractIteratorTester.recurse(AbstractIteratorTester.java:385)
	at com.google.common.collect.testing.AbstractIteratorTester.recurse(AbstractIteratorTester.java:390)
	at com.google.common.collect.testing.AbstractIteratorTester.recurse(AbstractIteratorTester.java:390)
	at com.google.common.collect.testing.AbstractIteratorTester.recurse(AbstractIteratorTester.java:390)
	at com.google.common.collect.testing.AbstractIteratorTester.recurse(AbstractIteratorTester.java:390)
	at com.google.common.collect.testing.AbstractIteratorTester.recurse(AbstractIteratorTester.java:390)
	at com.google.common.collect.testing.AbstractIteratorTester.test(AbstractIteratorTester.java:374)
	at com.google.common.collect.testing.testers.CollectionIteratorTester.runIteratorTest(CollectionIteratorTester.java:100)
	at com.google.common.collect.testing.testers.CollectionIteratorTester.testIterator_unknownOrderRemoveSupported(CollectionIteratorTester.java:88)
	at sun.reflect.NativeMethodAccessorImpl.invoke0(Native Method)
	at sun.reflect.NativeMethodAccessorImpl.invoke(NativeMethodAccessorImpl.java:57)
	at sun.reflect.DelegatingMethodAccessorImpl.invoke(DelegatingMethodAccessorImpl.java:43)
	at java.lang.reflect.Method.invoke(Method.java:601)
	at junit.framework.TestCase.runTest(TestCase.java:168)
	at junit.framework.TestCase.runBare(TestCase.java:134)
	at junit.framework.TestResult$1.protect(TestResult.java:110)
	at junit.framework.TestResult.runProtected(TestResult.java:128)
	at junit.framework.TestResult.run(TestResult.java:113)
	at junit.framework.TestCase.run(TestCase.java:124)
	at junit.framework.TestSuite.runTest(TestSuite.java:243)
	at junit.framework.TestSuite.run(TestSuite.java:238)
	at junit.framework.TestSuite.runTest(TestSuite.java:243)
	at junit.framework.TestSuite.run(TestSuite.java:238)
	at junit.framework.TestSuite.runTest(TestSuite.java:243)
	at junit.framework.TestSuite.run(TestSuite.java:238)
	at junit.framework.TestSuite.runTest(TestSuite.java:243)
	at junit.framework.TestSuite.run(TestSuite.java:238)
	at junit.framework.TestSuite.runTest(TestSuite.java:243)
	at junit.framework.TestSuite.run(TestSuite.java:238)
	at org.junit.internal.runners.JUnit38ClassRunner.run(JUnit38ClassRunner.java:83)
	at org.apache.maven.surefire.junit4.JUnit4TestSet.execute(JUnit4TestSet.java:53)
	at org.apache.maven.surefire.junit4.JUnit4Provider.executeTestSet(JUnit4Provider.java:123)
	at org.apache.maven.surefire.junit4.JUnit4Provider.invoke(JUnit4Provider.java:104)
	at sun.reflect.NativeMethodAccessorImpl.invoke0(Native Method)
	at sun.reflect.NativeMethodAccessorImpl.invoke(NativeMethodAccessorImpl.java:57)
	at sun.reflect.DelegatingMethodAccessorImpl.invoke(DelegatingMethodAccessorImpl.java:43)
	at java.lang.reflect.Method.invoke(Method.java:601)
	at org.apache.maven.surefire.util.ReflectionUtils.invokeMethodWithArray(ReflectionUtils.java:164)
	at org.apache.maven.surefire.booter.ProviderFactory$ProviderProxy.invoke(ProviderFactory.java:110)
	at org.apache.maven.surefire.booter.SurefireStarter.invokeProvider(SurefireStarter.java:175)
	at org.apache.maven.surefire.booter.SurefireStarter.runSuitesInProcessWhenForked(SurefireStarter.java:107)
	at org.apache.maven.surefire.booter.ForkedBooter.main(ForkedBooter.java:68)
Caused by: junit.framework.AssertionFailedError: Exception class java.lang.NullPointerException was thrown; expected one of [class java.lang.IllegalStateException]
	at com.google.common.collect.testing.Helpers.fail(Helpers.java:164)
	at com.google.common.collect.testing.AbstractIteratorTester$PermittedMetaException.assertPermitted(AbstractIteratorTester.java:142)
	at com.google.common.collect.testing.AbstractIteratorTester.internalExecuteAndCompare(AbstractIteratorTester.java:518)
	at com.google.common.collect.testing.AbstractIteratorTester.access$500(AbstractIteratorTester.java:51)
	at com.google.common.collect.testing.AbstractIteratorTester$8.executeAndCompare(AbstractIteratorTester.java:611)
	at com.google.common.collect.testing.AbstractIteratorTester.compareResultsForThisListOfStimuli(AbstractIteratorTester.java:406)
	... 42 more
Caused by: java.lang.NullPointerException
	at com.google.common.base.Preconditions.checkNotNull(Preconditions.java:191)
	at com.jloisel.collection.map.persistence.FileUtils.toPath(FileUtils.java:59)
	at com.jloisel.collection.map.persistence.FileUtils.remove(FileUtils.java:55)
	at com.jloisel.collection.map.PersistentMapSetIterator.remove(PersistentMapSetIterator.java:38)
	at com.google.common.collect.testing.AbstractIteratorTester$1.execute(AbstractIteratorTester.java:527)
	at com.google.common.collect.testing.AbstractIteratorTester.internalExecuteAndCompare(AbstractIteratorTester.java:454)
	... 45 more
</failure>
  </testcase>
  <testcase time="0.002" classname="com.google.common.collect.testing.testers.CollectionIteratorTester" name="testIteratorNoSuchElementException[PersistentMapTest [collection size: several] entrySet [collection size: several]]"/>
  <testcase time="0.002" classname="com.google.common.collect.testing.testers.CollectionRemoveAllTester" name="testRemoveAll_emptyCollection[PersistentMapTest [collection size: several] entrySet [collection size: several]]"/>
  <testcase time="0.002" classname="com.google.common.collect.testing.testers.CollectionRemoveAllTester" name="testRemoveAll_nonePresent[PersistentMapTest [collection size: several] entrySet [collection size: several]]"/>
  <testcase time="0.002" classname="com.google.common.collect.testing.testers.CollectionRemoveAllTester" name="testRemoveAll_allPresent[PersistentMapTest [collection size: several] entrySet [collection size: several]]"/>
  <testcase time="0" classname="com.google.common.collect.testing.testers.CollectionRemoveAllTester" name="testRemoveAll_somePresent[PersistentMapTest [collection size: several] entrySet [collection size: several]]"/>
  <testcase time="0.004" classname="com.google.common.collect.testing.testers.CollectionRemoveAllTester" name="testRemoveAllSomePresentConcurrentWithIteration[PersistentMapTest [collection size: several] entrySet [collection size: several]]"/>
  <testcase time="0.003" classname="com.google.common.collect.testing.testers.CollectionRemoveAllTester" name="testRemoveAll_somePresentLargeCollectionToRemove[PersistentMapTest [collection size: several] entrySet [collection size: several]]"/>
  <testcase time="0.002" classname="com.google.common.collect.testing.testers.CollectionRemoveAllTester" name="testRemoveAll_nullCollectionReferenceNonEmptySubject[PersistentMapTest [collection size: several] entrySet [collection size: several]]"/>
  <testcase time="0.003" classname="com.google.common.collect.testing.testers.CollectionRemoveAllTester" name="testRemoveAll_containsNullNoButAllowed[PersistentMapTest [collection size: several] entrySet [collection size: several]]"/>
  <testcase time="0.004" classname="com.google.common.collect.testing.testers.CollectionRemoveAllTester" name="testRemoveAll_containsWrongType[PersistentMapTest [collection size: several] entrySet [collection size: several]]"/>
  <testcase time="0.008" classname="com.google.common.collect.testing.testers.CollectionRemoveTester" name="testRemove_present[PersistentMapTest [collection size: several] entrySet [collection size: several]]"/>
  <testcase time="0.003" classname="com.google.common.collect.testing.testers.CollectionRemoveTester" name="testRemove_notPresent[PersistentMapTest [collection size: several] entrySet [collection size: several]]"/>
  <testcase time="0.004" classname="com.google.common.collect.testing.testers.CollectionRemoveTester" name="testRemove_wrongType[PersistentMapTest [collection size: several] entrySet [collection size: several]]"/>
  <testcase time="0.003" classname="com.google.common.collect.testing.testers.CollectionRemoveTester" name="testRemovePresentConcurrentWithIteration[PersistentMapTest [collection size: several] entrySet [collection size: several]]"/>
  <testcase time="0.003" classname="com.google.common.collect.testing.testers.CollectionRemoveTester" name="testRemove_nullAllowed[PersistentMapTest [collection size: several] entrySet [collection size: several]]"/>
  <testcase time="0.003" classname="com.google.common.collect.testing.testers.CollectionRetainAllTester" name="testRetainAll_emptyPreviouslyNonEmpty[PersistentMapTest [collection size: several] entrySet [collection size: several]]"/>
  <testcase time="0.005" classname="com.google.common.collect.testing.testers.CollectionRetainAllTester" name="testRetainAll_disjointPreviouslyNonEmpty[PersistentMapTest [collection size: several] entrySet [collection size: several]]"/>
  <testcase time="0.004" classname="com.google.common.collect.testing.testers.CollectionRetainAllTester" name="testRetainAll_superset[PersistentMapTest [collection size: several] entrySet [collection size: several]]"/>
  <testcase time="0.004" classname="com.google.common.collect.testing.testers.CollectionRetainAllTester" name="testRetainAll_subset[PersistentMapTest [collection size: several] entrySet [collection size: several]]"/>
  <testcase time="0.003" classname="com.google.common.collect.testing.testers.CollectionRetainAllTester" name="testRetainAll_sameElements[PersistentMapTest [collection size: several] entrySet [collection size: several]]"/>
  <testcase time="0.004" classname="com.google.common.collect.testing.testers.CollectionRetainAllTester" name="testRetainAll_partialOverlap[PersistentMapTest [collection size: several] entrySet [collection size: several]]"/>
  <testcase time="0.003" classname="com.google.common.collect.testing.testers.CollectionRetainAllTester" name="testRetainAll_containsDuplicatesSizeSeveral[PersistentMapTest [collection size: several] entrySet [collection size: several]]"/>
  <testcase time="0.003" classname="com.google.common.collect.testing.testers.CollectionRetainAllTester" name="testRetainAll_nullSingletonPreviouslyNonEmpty[PersistentMapTest [collection size: several] entrySet [collection size: several]]"/>
  <testcase time="0.003" classname="com.google.common.collect.testing.testers.CollectionRetainAllTester" name="testRetainAll_nullCollectionReferenceNonEmptySubject[PersistentMapTest [collection size: several] entrySet [collection size: several]]"/>
  <testcase time="0.003" classname="com.google.common.collect.testing.testers.CollectionSizeTester" name="testSize[PersistentMapTest [collection size: several] entrySet [collection size: several]]"/>
  <testcase time="0.002" classname="com.google.common.collect.testing.testers.CollectionToArrayTester" name="testToArray_noArgs[PersistentMapTest [collection size: several] entrySet [collection size: several]]"/>
  <testcase time="0.002" classname="com.google.common.collect.testing.testers.CollectionToArrayTester" name="testToArray_isPlainObjectArray[PersistentMapTest [collection size: several] entrySet [collection size: several]]"/>
  <testcase time="0.004" classname="com.google.common.collect.testing.testers.CollectionToArrayTester" name="testToArray_emptyArray[PersistentMapTest [collection size: several] entrySet [collection size: several]]"/>
  <testcase time="0.003" classname="com.google.common.collect.testing.testers.CollectionToArrayTester" name="testToArray_emptyArrayOfObject[PersistentMapTest [collection size: several] entrySet [collection size: several]]"/>
  <testcase time="0.004" classname="com.google.common.collect.testing.testers.CollectionToArrayTester" name="testToArray_rightSizedArray[PersistentMapTest [collection size: several] entrySet [collection size: several]]"/>
  <testcase time="0.004" classname="com.google.common.collect.testing.testers.CollectionToArrayTester" name="testToArray_rightSizedArrayOfObject[PersistentMapTest [collection size: several] entrySet [collection size: several]]"/>
  <testcase time="0.002" classname="com.google.common.collect.testing.testers.CollectionToArrayTester" name="testToArray_oversizedArray[PersistentMapTest [collection size: several] entrySet [collection size: several]]"/>
  <testcase time="0.003" classname="com.google.common.collect.testing.testers.CollectionToArrayTester" name="testToArray_emptyArrayOfWrongTypeForNonEmptyCollection[PersistentMapTest [collection size: several] entrySet [collection size: several]]"/>
  <testcase time="0.003" classname="com.google.common.collect.testing.testers.CollectionToStringTester" name="testToString_minimal[PersistentMapTest [collection size: several] entrySet [collection size: several]]"/>
  <testcase time="0.006" classname="com.google.common.collect.testing.testers.SetCreationTester" name="testCreateWithDuplicates_nonNullDuplicatesNotRejected[PersistentMapTest [collection size: several] entrySet [collection size: several]]"/>
  <testcase time="0.002" classname="com.google.common.collect.testing.testers.SetHashCodeTester" name="testHashCode[PersistentMapTest [collection size: several] entrySet [collection size: several]]"/>
  <testcase time="0.001" classname="com.google.common.collect.testing.testers.SetEqualsTester" name="testEquals_list[PersistentMapTest [collection size: several] entrySet [collection size: several]]"/>
  <testcase time="0.002" classname="com.google.common.collect.testing.testers.SetEqualsTester" name="testEquals_otherSetWithSameElements[PersistentMapTest [collection size: several] entrySet [collection size: several]]"/>
  <testcase time="0" classname="com.google.common.collect.testing.testers.SetEqualsTester" name="testEquals_otherSetWithDifferentElements[PersistentMapTest [collection size: several] entrySet [collection size: several]]"/>
  <testcase time="0.002" classname="com.google.common.collect.testing.testers.SetEqualsTester" name="testEquals_otherContainsNull[PersistentMapTest [collection size: several] entrySet [collection size: several]]"/>
  <testcase time="0.002" classname="com.google.common.collect.testing.testers.SetEqualsTester" name="testEquals_smallerSet[PersistentMapTest [collection size: several] entrySet [collection size: several]]"/>
  <testcase time="0.002" classname="com.google.common.collect.testing.testers.SetEqualsTester" name="testEquals_largerSet[PersistentMapTest [collection size: several] entrySet [collection size: several]]"/>
  <testcase time="0.002" classname="com.google.common.collect.testing.testers.SetRemoveTester" name="testRemove_present[PersistentMapTest [collection size: several] entrySet [collection size: several]]"/>
  <testcase time="0" classname="com.google.common.collect.testing.ExampleIteratorTester" name="testSomethingAboutIterators[PersistentMapTest [collection size: several] entrySet [collection size: several] iterator]"/>
  <testcase time="0.002" classname="com.google.common.collect.testing.testers.CollectionAddAllTester" name="testAddAll_unsupportedNothing[PersistentMapTest [collection size: several] keys [collection size: several]]"/>
  <testcase time="0.002" classname="com.google.common.collect.testing.testers.CollectionAddAllTester" name="testAddAll_unsupportedNonePresent[PersistentMapTest [collection size: several] keys [collection size: several]]"/>
  <testcase time="0.002" classname="com.google.common.collect.testing.testers.CollectionAddAllTester" name="testAddAll_unsupportedSomePresent[PersistentMapTest [collection size: several] keys [collection size: several]]"/>
  <testcase time="0.002" classname="com.google.common.collect.testing.testers.CollectionAddAllTester" name="testAddAll_unsupportedAllPresent[PersistentMapTest [collection size: several] keys [collection size: several]]"/>
  <testcase time="0.003" classname="com.google.common.collect.testing.testers.CollectionAddTester" name="testAdd_unsupportedNotPresent[PersistentMapTest [collection size: several] keys [collection size: several]]"/>
  <testcase time="0.002" classname="com.google.common.collect.testing.testers.CollectionAddTester" name="testAdd_unsupportedPresent[PersistentMapTest [collection size: several] keys [collection size: several]]"/>
  <testcase time="0.003" classname="com.google.common.collect.testing.testers.CollectionClearTester" name="testClear[PersistentMapTest [collection size: several] keys [collection size: several]]"/>
  <testcase time="0.015" classname="com.google.common.collect.testing.testers.CollectionClearTester" name="testClearConcurrentWithIteration[PersistentMapTest [collection size: several] keys [collection size: several]]"/>
  <testcase time="0" classname="com.google.common.collect.testing.testers.CollectionContainsAllTester" name="testContainsAll_subset[PersistentMapTest [collection size: several] keys [collection size: several]]"/>
  <testcase time="0.003" classname="com.google.common.collect.testing.testers.CollectionContainsAllTester" name="testContainsAll_self[PersistentMapTest [collection size: several] keys [collection size: several]]"/>
  <testcase time="0.005" classname="com.google.common.collect.testing.testers.CollectionContainsAllTester" name="testContainsAll_empty[PersistentMapTest [collection size: several] keys [collection size: several]]"/>
  <testcase time="0.009" classname="com.google.common.collect.testing.testers.CollectionContainsAllTester" name="testContainsAll_sameElements[PersistentMapTest [collection size: several] keys [collection size: several]]"/>
  <testcase time="0" classname="com.google.common.collect.testing.testers.CollectionContainsAllTester" name="testContainsAll_partialOverlap[PersistentMapTest [collection size: several] keys [collection size: several]]"/>
  <testcase time="0" classname="com.google.common.collect.testing.testers.CollectionContainsAllTester" name="testContainsAll_disjoint[PersistentMapTest [collection size: several] keys [collection size: several]]"/>
  <testcase time="0" classname="com.google.common.collect.testing.testers.CollectionContainsAllTester" name="testContainsAll_nullNotAllowed[PersistentMapTest [collection size: several] keys [collection size: several]]"/>
  <testcase time="0" classname="com.google.common.collect.testing.testers.CollectionContainsAllTester" name="testContainsAll_wrongType[PersistentMapTest [collection size: several] keys [collection size: several]]"/>
  <testcase time="0.002" classname="com.google.common.collect.testing.testers.CollectionContainsTester" name="testContains_nullNotContainedAndUnsupported[PersistentMapTest [collection size: several] keys [collection size: several]]"/>
  <testcase time="0.002" classname="com.google.common.collect.testing.testers.CollectionContainsTester" name="testContains_yes[PersistentMapTest [collection size: several] keys [collection size: several]]"/>
  <testcase time="0.002" classname="com.google.common.collect.testing.testers.CollectionContainsTester" name="testContains_no[PersistentMapTest [collection size: several] keys [collection size: several]]"/>
  <testcase time="0.003" classname="com.google.common.collect.testing.testers.CollectionContainsTester" name="testContains_wrongType[PersistentMapTest [collection size: several] keys [collection size: several]]"/>
  <testcase time="0.003" classname="com.google.common.collect.testing.testers.CollectionCreationTester" name="testCreateWithNull_unsupported[PersistentMapTest [collection size: several] keys [collection size: several]]"/>
  <testcase time="0.002" classname="com.google.common.collect.testing.testers.CollectionEqualsTester" name="testEquals_self[PersistentMapTest [collection size: several] keys [collection size: several]]"/>
  <testcase time="0.002" classname="com.google.common.collect.testing.testers.CollectionEqualsTester" name="testEquals_null[PersistentMapTest [collection size: several] keys [collection size: several]]"/>
  <testcase time="0.002" classname="com.google.common.collect.testing.testers.CollectionEqualsTester" name="testEquals_notACollection[PersistentMapTest [collection size: several] keys [collection size: several]]"/>
  <testcase time="0.002" classname="com.google.common.collect.testing.testers.CollectionIsEmptyTester" name="testIsEmpty_no[PersistentMapTest [collection size: several] keys [collection size: several]]"/>
  <testcase time="0.002" classname="com.google.common.collect.testing.testers.CollectionIteratorTester" name="testIterator[PersistentMapTest [collection size: several] keys [collection size: several]]"/>
  <testcase time="0.011" classname="com.google.common.collect.testing.testers.CollectionIteratorTester" name="testIterator_unknownOrderRemoveSupported[PersistentMapTest [collection size: several] keys [collection size: several]]">
    <failure message="failed with stimuli [hasNext, hasNext, hasNext, hasNext, remove]" type="junit.framework.AssertionFailedError">junit.framework.AssertionFailedError: failed with stimuli [hasNext, hasNext, hasNext, hasNext, remove]
	at com.google.common.collect.testing.Helpers.fail(Helpers.java:164)
	at com.google.common.collect.testing.AbstractIteratorTester.compareResultsForThisListOfStimuli(AbstractIteratorTester.java:420)
	at com.google.common.collect.testing.AbstractIteratorTester.recurse(AbstractIteratorTester.java:385)
	at com.google.common.collect.testing.AbstractIteratorTester.recurse(AbstractIteratorTester.java:390)
	at com.google.common.collect.testing.AbstractIteratorTester.recurse(AbstractIteratorTester.java:390)
	at com.google.common.collect.testing.AbstractIteratorTester.recurse(AbstractIteratorTester.java:390)
	at com.google.common.collect.testing.AbstractIteratorTester.recurse(AbstractIteratorTester.java:390)
	at com.google.common.collect.testing.AbstractIteratorTester.recurse(AbstractIteratorTester.java:390)
	at com.google.common.collect.testing.AbstractIteratorTester.test(AbstractIteratorTester.java:374)
	at com.google.common.collect.testing.testers.CollectionIteratorTester.runIteratorTest(CollectionIteratorTester.java:100)
	at com.google.common.collect.testing.testers.CollectionIteratorTester.testIterator_unknownOrderRemoveSupported(CollectionIteratorTester.java:88)
	at sun.reflect.NativeMethodAccessorImpl.invoke0(Native Method)
	at sun.reflect.NativeMethodAccessorImpl.invoke(NativeMethodAccessorImpl.java:57)
	at sun.reflect.DelegatingMethodAccessorImpl.invoke(DelegatingMethodAccessorImpl.java:43)
	at java.lang.reflect.Method.invoke(Method.java:601)
	at junit.framework.TestCase.runTest(TestCase.java:168)
	at junit.framework.TestCase.runBare(TestCase.java:134)
	at junit.framework.TestResult$1.protect(TestResult.java:110)
	at junit.framework.TestResult.runProtected(TestResult.java:128)
	at junit.framework.TestResult.run(TestResult.java:113)
	at junit.framework.TestCase.run(TestCase.java:124)
	at junit.framework.TestSuite.runTest(TestSuite.java:243)
	at junit.framework.TestSuite.run(TestSuite.java:238)
	at junit.framework.TestSuite.runTest(TestSuite.java:243)
	at junit.framework.TestSuite.run(TestSuite.java:238)
	at junit.framework.TestSuite.runTest(TestSuite.java:243)
	at junit.framework.TestSuite.run(TestSuite.java:238)
	at junit.framework.TestSuite.runTest(TestSuite.java:243)
	at junit.framework.TestSuite.run(TestSuite.java:238)
	at junit.framework.TestSuite.runTest(TestSuite.java:243)
	at junit.framework.TestSuite.run(TestSuite.java:238)
	at org.junit.internal.runners.JUnit38ClassRunner.run(JUnit38ClassRunner.java:83)
	at org.apache.maven.surefire.junit4.JUnit4TestSet.execute(JUnit4TestSet.java:53)
	at org.apache.maven.surefire.junit4.JUnit4Provider.executeTestSet(JUnit4Provider.java:123)
	at org.apache.maven.surefire.junit4.JUnit4Provider.invoke(JUnit4Provider.java:104)
	at sun.reflect.NativeMethodAccessorImpl.invoke0(Native Method)
	at sun.reflect.NativeMethodAccessorImpl.invoke(NativeMethodAccessorImpl.java:57)
	at sun.reflect.DelegatingMethodAccessorImpl.invoke(DelegatingMethodAccessorImpl.java:43)
	at java.lang.reflect.Method.invoke(Method.java:601)
	at org.apache.maven.surefire.util.ReflectionUtils.invokeMethodWithArray(ReflectionUtils.java:164)
	at org.apache.maven.surefire.booter.ProviderFactory$ProviderProxy.invoke(ProviderFactory.java:110)
	at org.apache.maven.surefire.booter.SurefireStarter.invokeProvider(SurefireStarter.java:175)
	at org.apache.maven.surefire.booter.SurefireStarter.runSuitesInProcessWhenForked(SurefireStarter.java:107)
	at org.apache.maven.surefire.booter.ForkedBooter.main(ForkedBooter.java:68)
Caused by: junit.framework.AssertionFailedError: Exception class java.lang.NullPointerException was thrown; expected one of [class java.lang.IllegalStateException]
	at com.google.common.collect.testing.Helpers.fail(Helpers.java:164)
	at com.google.common.collect.testing.AbstractIteratorTester$PermittedMetaException.assertPermitted(AbstractIteratorTester.java:142)
	at com.google.common.collect.testing.AbstractIteratorTester.internalExecuteAndCompare(AbstractIteratorTester.java:518)
	at com.google.common.collect.testing.AbstractIteratorTester.access$500(AbstractIteratorTester.java:51)
	at com.google.common.collect.testing.AbstractIteratorTester$8.executeAndCompare(AbstractIteratorTester.java:611)
	at com.google.common.collect.testing.AbstractIteratorTester.compareResultsForThisListOfStimuli(AbstractIteratorTester.java:406)
	... 42 more
Caused by: java.lang.NullPointerException
	at com.google.common.base.Preconditions.checkNotNull(Preconditions.java:191)
	at com.jloisel.collection.map.persistence.FileUtils.toPath(FileUtils.java:59)
	at com.jloisel.collection.map.persistence.FileUtils.remove(FileUtils.java:55)
	at com.jloisel.collection.map.PersistentMapSetIterator.remove(PersistentMapSetIterator.java:38)
	at com.google.common.collect.testing.AbstractIteratorTester$1.execute(AbstractIteratorTester.java:527)
	at com.google.common.collect.testing.AbstractIteratorTester.internalExecuteAndCompare(AbstractIteratorTester.java:454)
	... 45 more
</failure>
  </testcase>
  <testcase time="0.002" classname="com.google.common.collect.testing.testers.CollectionIteratorTester" name="testIteratorNoSuchElementException[PersistentMapTest [collection size: several] keys [collection size: several]]"/>
  <testcase time="0.003" classname="com.google.common.collect.testing.testers.CollectionRemoveAllTester" name="testRemoveAll_emptyCollection[PersistentMapTest [collection size: several] keys [collection size: several]]"/>
  <testcase time="0.002" classname="com.google.common.collect.testing.testers.CollectionRemoveAllTester" name="testRemoveAll_nonePresent[PersistentMapTest [collection size: several] keys [collection size: several]]"/>
  <testcase time="0.002" classname="com.google.common.collect.testing.testers.CollectionRemoveAllTester" name="testRemoveAll_allPresent[PersistentMapTest [collection size: several] keys [collection size: several]]"/>
  <testcase time="0.002" classname="com.google.common.collect.testing.testers.CollectionRemoveAllTester" name="testRemoveAll_somePresent[PersistentMapTest [collection size: several] keys [collection size: several]]"/>
  <testcase time="0.003" classname="com.google.common.collect.testing.testers.CollectionRemoveAllTester" name="testRemoveAllSomePresentConcurrentWithIteration[PersistentMapTest [collection size: several] keys [collection size: several]]"/>
  <testcase time="0.008" classname="com.google.common.collect.testing.testers.CollectionRemoveAllTester" name="testRemoveAll_somePresentLargeCollectionToRemove[PersistentMapTest [collection size: several] keys [collection size: several]]"/>
  <testcase time="0" classname="com.google.common.collect.testing.testers.CollectionRemoveAllTester" name="testRemoveAll_nullCollectionReferenceNonEmptySubject[PersistentMapTest [collection size: several] keys [collection size: several]]"/>
  <testcase time="0.001" classname="com.google.common.collect.testing.testers.CollectionRemoveAllTester" name="testRemoveAll_containsNullNo[PersistentMapTest [collection size: several] keys [collection size: several]]"/>
  <testcase time="0.002" classname="com.google.common.collect.testing.testers.CollectionRemoveAllTester" name="testRemoveAll_containsWrongType[PersistentMapTest [collection size: several] keys [collection size: several]]"/>
  <testcase time="0.002" classname="com.google.common.collect.testing.testers.CollectionRemoveTester" name="testRemove_present[PersistentMapTest [collection size: several] keys [collection size: several]]"/>
  <testcase time="0.002" classname="com.google.common.collect.testing.testers.CollectionRemoveTester" name="testRemove_notPresent[PersistentMapTest [collection size: several] keys [collection size: several]]"/>
  <testcase time="0.002" classname="com.google.common.collect.testing.testers.CollectionRemoveTester" name="testRemove_wrongType[PersistentMapTest [collection size: several] keys [collection size: several]]"/>
  <testcase time="0.002" classname="com.google.common.collect.testing.testers.CollectionRemoveTester" name="testRemovePresentConcurrentWithIteration[PersistentMapTest [collection size: several] keys [collection size: several]]"/>
  <testcase time="0.002" classname="com.google.common.collect.testing.testers.CollectionRemoveTester" name="testRemove_nullNotSupported[PersistentMapTest [collection size: several] keys [collection size: several]]"/>
  <testcase time="0.002" classname="com.google.common.collect.testing.testers.CollectionRetainAllTester" name="testRetainAll_emptyPreviouslyNonEmpty[PersistentMapTest [collection size: several] keys [collection size: several]]"/>
  <testcase time="0.002" classname="com.google.common.collect.testing.testers.CollectionRetainAllTester" name="testRetainAll_disjointPreviouslyNonEmpty[PersistentMapTest [collection size: several] keys [collection size: several]]"/>
  <testcase time="0.002" classname="com.google.common.collect.testing.testers.CollectionRetainAllTester" name="testRetainAll_superset[PersistentMapTest [collection size: several] keys [collection size: several]]"/>
  <testcase time="0.003" classname="com.google.common.collect.testing.testers.CollectionRetainAllTester" name="testRetainAll_subset[PersistentMapTest [collection size: several] keys [collection size: several]]"/>
  <testcase time="0.001" classname="com.google.common.collect.testing.testers.CollectionRetainAllTester" name="testRetainAll_sameElements[PersistentMapTest [collection size: several] keys [collection size: several]]"/>
  <testcase time="0.001" classname="com.google.common.collect.testing.testers.CollectionRetainAllTester" name="testRetainAll_partialOverlap[PersistentMapTest [collection size: several] keys [collection size: several]]"/>
  <testcase time="0.001" classname="com.google.common.collect.testing.testers.CollectionRetainAllTester" name="testRetainAll_containsDuplicatesSizeSeveral[PersistentMapTest [collection size: several] keys [collection size: several]]"/>
  <testcase time="0.001" classname="com.google.common.collect.testing.testers.CollectionRetainAllTester" name="testRetainAll_nullSingletonPreviouslyNonEmpty[PersistentMapTest [collection size: several] keys [collection size: several]]"/>
  <testcase time="0.001" classname="com.google.common.collect.testing.testers.CollectionRetainAllTester" name="testRetainAll_nullCollectionReferenceNonEmptySubject[PersistentMapTest [collection size: several] keys [collection size: several]]"/>
  <testcase time="0.001" classname="com.google.common.collect.testing.testers.CollectionSizeTester" name="testSize[PersistentMapTest [collection size: several] keys [collection size: several]]"/>
  <testcase time="0.001" classname="com.google.common.collect.testing.testers.CollectionToArrayTester" name="testToArray_noArgs[PersistentMapTest [collection size: several] keys [collection size: several]]"/>
  <testcase time="0.007" classname="com.google.common.collect.testing.testers.CollectionToArrayTester" name="testToArray_isPlainObjectArray[PersistentMapTest [collection size: several] keys [collection size: several]]"/>
  <testcase time="0" classname="com.google.common.collect.testing.testers.CollectionToArrayTester" name="testToArray_emptyArray[PersistentMapTest [collection size: several] keys [collection size: several]]"/>
  <testcase time="0" classname="com.google.common.collect.testing.testers.CollectionToArrayTester" name="testToArray_emptyArrayOfObject[PersistentMapTest [collection size: several] keys [collection size: several]]"/>
  <testcase time="0.003" classname="com.google.common.collect.testing.testers.CollectionToArrayTester" name="testToArray_rightSizedArray[PersistentMapTest [collection size: several] keys [collection size: several]]"/>
  <testcase time="0.003" classname="com.google.common.collect.testing.testers.CollectionToArrayTester" name="testToArray_rightSizedArrayOfObject[PersistentMapTest [collection size: several] keys [collection size: several]]"/>
  <testcase time="0.002" classname="com.google.common.collect.testing.testers.CollectionToArrayTester" name="testToArray_oversizedArray[PersistentMapTest [collection size: several] keys [collection size: several]]"/>
  <testcase time="0.002" classname="com.google.common.collect.testing.testers.CollectionToArrayTester" name="testToArray_emptyArrayOfWrongTypeForNonEmptyCollection[PersistentMapTest [collection size: several] keys [collection size: several]]"/>
  <testcase time="0.002" classname="com.google.common.collect.testing.testers.CollectionToStringTester" name="testToString_minimal[PersistentMapTest [collection size: several] keys [collection size: several]]"/>
  <testcase time="0.003" classname="com.google.common.collect.testing.testers.SetCreationTester" name="testCreateWithDuplicates_nonNullDuplicatesNotRejected[PersistentMapTest [collection size: several] keys [collection size: several]]"/>
  <testcase time="0.002" classname="com.google.common.collect.testing.testers.SetHashCodeTester" name="testHashCode[PersistentMapTest [collection size: several] keys [collection size: several]]"/>
  <testcase time="0.002" classname="com.google.common.collect.testing.testers.SetEqualsTester" name="testEquals_list[PersistentMapTest [collection size: several] keys [collection size: several]]"/>
  <testcase time="0.002" classname="com.google.common.collect.testing.testers.SetEqualsTester" name="testEquals_otherSetWithSameElements[PersistentMapTest [collection size: several] keys [collection size: several]]"/>
  <testcase time="0.001" classname="com.google.common.collect.testing.testers.SetEqualsTester" name="testEquals_otherSetWithDifferentElements[PersistentMapTest [collection size: several] keys [collection size: several]]"/>
  <testcase time="0.001" classname="com.google.common.collect.testing.testers.SetEqualsTester" name="testEquals_otherContainsNull[PersistentMapTest [collection size: several] keys [collection size: several]]"/>
  <testcase time="0.001" classname="com.google.common.collect.testing.testers.SetEqualsTester" name="testEquals_smallerSet[PersistentMapTest [collection size: several] keys [collection size: several]]"/>
  <testcase time="0.002" classname="com.google.common.collect.testing.testers.SetEqualsTester" name="testEquals_largerSet[PersistentMapTest [collection size: several] keys [collection size: several]]"/>
  <testcase time="0.002" classname="com.google.common.collect.testing.testers.SetRemoveTester" name="testRemove_present[PersistentMapTest [collection size: several] keys [collection size: several]]"/>
  <testcase time="0.001" classname="com.google.common.collect.testing.ExampleIteratorTester" name="testSomethingAboutIterators[PersistentMapTest [collection size: several] keys [collection size: several] iterator]"/>
  <testcase time="0.002" classname="com.google.common.collect.testing.testers.CollectionAddAllTester" name="testAddAll_unsupportedNothing[PersistentMapTest [collection size: several] values [collection size: several]]"/>
  <testcase time="0.001" classname="com.google.common.collect.testing.testers.CollectionAddAllTester" name="testAddAll_unsupportedNonePresent[PersistentMapTest [collection size: several] values [collection size: several]]"/>
  <testcase time="0.004" classname="com.google.common.collect.testing.testers.CollectionAddAllTester" name="testAddAll_unsupportedSomePresent[PersistentMapTest [collection size: several] values [collection size: several]]"/>
  <testcase time="0.002" classname="com.google.common.collect.testing.testers.CollectionAddAllTester" name="testAddAll_unsupportedAllPresent[PersistentMapTest [collection size: several] values [collection size: several]]"/>
  <testcase time="0.002" classname="com.google.common.collect.testing.testers.CollectionAddTester" name="testAdd_unsupportedNotPresent[PersistentMapTest [collection size: several] values [collection size: several]]"/>
  <testcase time="0.002" classname="com.google.common.collect.testing.testers.CollectionAddTester" name="testAdd_unsupportedPresent[PersistentMapTest [collection size: several] values [collection size: several]]"/>
  <testcase time="0.002" classname="com.google.common.collect.testing.testers.CollectionClearTester" name="testClear[PersistentMapTest [collection size: several] values [collection size: several]]"/>
  <testcase time="0.002" classname="com.google.common.collect.testing.testers.CollectionClearTester" name="testClearConcurrentWithIteration[PersistentMapTest [collection size: several] values [collection size: several]]"/>
  <testcase time="0.001" classname="com.google.common.collect.testing.testers.CollectionContainsAllTester" name="testContainsAll_subset[PersistentMapTest [collection size: several] values [collection size: several]]"/>
  <testcase time="0.002" classname="com.google.common.collect.testing.testers.CollectionContainsAllTester" name="testContainsAll_self[PersistentMapTest [collection size: several] values [collection size: several]]"/>
  <testcase time="0.002" classname="com.google.common.collect.testing.testers.CollectionContainsAllTester" name="testContainsAll_empty[PersistentMapTest [collection size: several] values [collection size: several]]"/>
  <testcase time="0.002" classname="com.google.common.collect.testing.testers.CollectionContainsAllTester" name="testContainsAll_sameElements[PersistentMapTest [collection size: several] values [collection size: several]]"/>
  <testcase time="0.004" classname="com.google.common.collect.testing.testers.CollectionContainsAllTester" name="testContainsAll_partialOverlap[PersistentMapTest [collection size: several] values [collection size: several]]"/>
  <testcase time="0.005" classname="com.google.common.collect.testing.testers.CollectionContainsAllTester" name="testContainsAll_disjoint[PersistentMapTest [collection size: several] values [collection size: several]]"/>
  <testcase time="0.002" classname="com.google.common.collect.testing.testers.CollectionContainsAllTester" name="testContainsAll_nullNotAllowed[PersistentMapTest [collection size: several] values [collection size: several]]"/>
  <testcase time="0.002" classname="com.google.common.collect.testing.testers.CollectionContainsAllTester" name="testContainsAll_wrongType[PersistentMapTest [collection size: several] values [collection size: several]]"/>
  <testcase time="0.002" classname="com.google.common.collect.testing.testers.CollectionContainsTester" name="testContains_nullNotContainedAndUnsupported[PersistentMapTest [collection size: several] values [collection size: several]]"/>
  <testcase time="0.002" classname="com.google.common.collect.testing.testers.CollectionContainsTester" name="testContains_yes[PersistentMapTest [collection size: several] values [collection size: several]]"/>
  <testcase time="0.001" classname="com.google.common.collect.testing.testers.CollectionContainsTester" name="testContains_no[PersistentMapTest [collection size: several] values [collection size: several]]"/>
  <testcase time="0.002" classname="com.google.common.collect.testing.testers.CollectionContainsTester" name="testContains_wrongType[PersistentMapTest [collection size: several] values [collection size: several]]"/>
  <testcase time="0.003" classname="com.google.common.collect.testing.testers.CollectionCreationTester" name="testCreateWithNull_unsupported[PersistentMapTest [collection size: several] values [collection size: several]]"/>
  <testcase time="0.001" classname="com.google.common.collect.testing.testers.CollectionEqualsTester" name="testEquals_self[PersistentMapTest [collection size: several] values [collection size: several]]"/>
  <testcase time="0.001" classname="com.google.common.collect.testing.testers.CollectionEqualsTester" name="testEquals_null[PersistentMapTest [collection size: several] values [collection size: several]]"/>
  <testcase time="0.001" classname="com.google.common.collect.testing.testers.CollectionEqualsTester" name="testEquals_notACollection[PersistentMapTest [collection size: several] values [collection size: several]]"/>
  <testcase time="0.002" classname="com.google.common.collect.testing.testers.CollectionIsEmptyTester" name="testIsEmpty_no[PersistentMapTest [collection size: several] values [collection size: several]]"/>
  <testcase time="0.002" classname="com.google.common.collect.testing.testers.CollectionIteratorTester" name="testIterator[PersistentMapTest [collection size: several] values [collection size: several]]"/>
  <testcase time="0.474" classname="com.google.common.collect.testing.testers.CollectionIteratorTester" name="testIterator_unknownOrderRemoveSupported[PersistentMapTest [collection size: several] values [collection size: several]]"/>
  <testcase time="0.001" classname="com.google.common.collect.testing.testers.CollectionIteratorTester" name="testIteratorNoSuchElementException[PersistentMapTest [collection size: several] values [collection size: several]]"/>
  <testcase time="0.002" classname="com.google.common.collect.testing.testers.CollectionRemoveAllTester" name="testRemoveAll_emptyCollection[PersistentMapTest [collection size: several] values [collection size: several]]"/>
  <testcase time="0.002" classname="com.google.common.collect.testing.testers.CollectionRemoveAllTester" name="testRemoveAll_nonePresent[PersistentMapTest [collection size: several] values [collection size: several]]"/>
  <testcase time="0.002" classname="com.google.common.collect.testing.testers.CollectionRemoveAllTester" name="testRemoveAll_allPresent[PersistentMapTest [collection size: several] values [collection size: several]]"/>
  <testcase time="0.001" classname="com.google.common.collect.testing.testers.CollectionRemoveAllTester" name="testRemoveAll_somePresent[PersistentMapTest [collection size: several] values [collection size: several]]"/>
  <testcase time="0.002" classname="com.google.common.collect.testing.testers.CollectionRemoveAllTester" name="testRemoveAllSomePresentConcurrentWithIteration[PersistentMapTest [collection size: several] values [collection size: several]]"/>
  <testcase time="0.002" classname="com.google.common.collect.testing.testers.CollectionRemoveAllTester" name="testRemoveAll_somePresentLargeCollectionToRemove[PersistentMapTest [collection size: several] values [collection size: several]]"/>
  <testcase time="0.002" classname="com.google.common.collect.testing.testers.CollectionRemoveAllTester" name="testRemoveAll_nullCollectionReferenceNonEmptySubject[PersistentMapTest [collection size: several] values [collection size: several]]"/>
  <testcase time="0.002" classname="com.google.common.collect.testing.testers.CollectionRemoveAllTester" name="testRemoveAll_containsNullNo[PersistentMapTest [collection size: several] values [collection size: several]]"/>
  <testcase time="0.001" classname="com.google.common.collect.testing.testers.CollectionRemoveAllTester" name="testRemoveAll_containsWrongType[PersistentMapTest [collection size: several] values [collection size: several]]"/>
  <testcase time="0.001" classname="com.google.common.collect.testing.testers.CollectionRemoveTester" name="testRemove_present[PersistentMapTest [collection size: several] values [collection size: several]]"/>
  <testcase time="0.002" classname="com.google.common.collect.testing.testers.CollectionRemoveTester" name="testRemove_notPresent[PersistentMapTest [collection size: several] values [collection size: several]]"/>
  <testcase time="0.002" classname="com.google.common.collect.testing.testers.CollectionRemoveTester" name="testRemove_wrongType[PersistentMapTest [collection size: several] values [collection size: several]]"/>
  <testcase time="0.002" classname="com.google.common.collect.testing.testers.CollectionRemoveTester" name="testRemovePresentConcurrentWithIteration[PersistentMapTest [collection size: several] values [collection size: several]]"/>
  <testcase time="0.001" classname="com.google.common.collect.testing.testers.CollectionRemoveTester" name="testRemove_nullNotSupported[PersistentMapTest [collection size: several] values [collection size: several]]"/>
  <testcase time="0.002" classname="com.google.common.collect.testing.testers.CollectionRetainAllTester" name="testRetainAll_emptyPreviouslyNonEmpty[PersistentMapTest [collection size: several] values [collection size: several]]"/>
  <testcase time="0.001" classname="com.google.common.collect.testing.testers.CollectionRetainAllTester" name="testRetainAll_disjointPreviouslyNonEmpty[PersistentMapTest [collection size: several] values [collection size: several]]"/>
  <testcase time="0.002" classname="com.google.common.collect.testing.testers.CollectionRetainAllTester" name="testRetainAll_superset[PersistentMapTest [collection size: several] values [collection size: several]]"/>
  <testcase time="0.002" classname="com.google.common.collect.testing.testers.CollectionRetainAllTester" name="testRetainAll_subset[PersistentMapTest [collection size: several] values [collection size: several]]"/>
  <testcase time="0.002" classname="com.google.common.collect.testing.testers.CollectionRetainAllTester" name="testRetainAll_sameElements[PersistentMapTest [collection size: several] values [collection size: several]]"/>
  <testcase time="0.002" classname="com.google.common.collect.testing.testers.CollectionRetainAllTester" name="testRetainAll_partialOverlap[PersistentMapTest [collection size: several] values [collection size: several]]"/>
  <testcase time="0.001" classname="com.google.common.collect.testing.testers.CollectionRetainAllTester" name="testRetainAll_containsDuplicatesSizeSeveral[PersistentMapTest [collection size: several] values [collection size: several]]"/>
  <testcase time="0.001" classname="com.google.common.collect.testing.testers.CollectionRetainAllTester" name="testRetainAll_nullSingletonPreviouslyNonEmpty[PersistentMapTest [collection size: several] values [collection size: several]]"/>
  <testcase time="0.002" classname="com.google.common.collect.testing.testers.CollectionRetainAllTester" name="testRetainAll_nullCollectionReferenceNonEmptySubject[PersistentMapTest [collection size: several] values [collection size: several]]"/>
  <testcase time="0.001" classname="com.google.common.collect.testing.testers.CollectionSizeTester" name="testSize[PersistentMapTest [collection size: several] values [collection size: several]]"/>
  <testcase time="0.002" classname="com.google.common.collect.testing.testers.CollectionToArrayTester" name="testToArray_noArgs[PersistentMapTest [collection size: several] values [collection size: several]]"/>
  <testcase time="0.001" classname="com.google.common.collect.testing.testers.CollectionToArrayTester" name="testToArray_isPlainObjectArray[PersistentMapTest [collection size: several] values [collection size: several]]"/>
  <testcase time="0.001" classname="com.google.common.collect.testing.testers.CollectionToArrayTester" name="testToArray_emptyArray[PersistentMapTest [collection size: several] values [collection size: several]]"/>
  <testcase time="0.002" classname="com.google.common.collect.testing.testers.CollectionToArrayTester" name="testToArray_emptyArrayOfObject[PersistentMapTest [collection size: several] values [collection size: several]]"/>
  <testcase time="0.002" classname="com.google.common.collect.testing.testers.CollectionToArrayTester" name="testToArray_rightSizedArray[PersistentMapTest [collection size: several] values [collection size: several]]"/>
  <testcase time="0.001" classname="com.google.common.collect.testing.testers.CollectionToArrayTester" name="testToArray_rightSizedArrayOfObject[PersistentMapTest [collection size: several] values [collection size: several]]"/>
  <testcase time="0.002" classname="com.google.common.collect.testing.testers.CollectionToArrayTester" name="testToArray_oversizedArray[PersistentMapTest [collection size: several] values [collection size: several]]"/>
  <testcase time="0.001" classname="com.google.common.collect.testing.testers.CollectionToArrayTester" name="testToArray_emptyArrayOfWrongTypeForNonEmptyCollection[PersistentMapTest [collection size: several] values [collection size: several]]"/>
  <testcase time="0.001" classname="com.google.common.collect.testing.testers.CollectionToStringTester" name="testToString_minimal[PersistentMapTest [collection size: several] values [collection size: several]]"/>
  <testcase time="0" classname="com.google.common.collect.testing.ExampleIteratorTester" name="testSomethingAboutIterators[PersistentMapTest [collection size: several] values [collection size: several] iterator]"/>
</testsuite>